
*** Running vivado
    with args -log design_1_LED_wrapper.vdi -applog -m64 -product Vivado -messageDb vivado.pb -mode batch -source design_1_LED_wrapper.tcl -notrace


****** Vivado v2024.2 (64-bit)
  **** SW Build 5239630 on Fri Nov 08 22:34:34 MST 2024
  **** IP Build 5239520 on Sun Nov 10 16:12:51 MST 2024
  **** SharedData Build 5239561 on Fri Nov 08 14:39:27 MST 2024
  **** Start of session at: Fri Apr  3 02:13:08 2026
    ** Copyright 1986-2022 Xilinx, Inc. All Rights Reserved.
    ** Copyright 2022-2024 Advanced Micro Devices, Inc. All Rights Reserved.

source design_1_LED_wrapper.tcl -notrace
INFO: [IP_Flow 19-234] Refreshing IP repositories
INFO: [IP_Flow 19-1704] No user IP repositories specified
INFO: [IP_Flow 19-2313] Loaded Vivado IP repository '/opt/Xilinx/Vivado/2024.2/data/ip'.
Command: link_design -top design_1_LED_wrapper -part xc7a35tcpg236-1
Design is defaulting to srcset: sources_1
Design is defaulting to constrset: constrs_1
INFO: [Device 21-403] Loading part xc7a35tcpg236-1
INFO: [Project 1-454] Reading design checkpoint '/home/appletea/workspace_onedevice_2/SoC/project_1_LED/project_1_LED.gen/sources_1/bd/design_1_LED/ip/design_1_LED_axi_gpio_0_0/design_1_LED_axi_gpio_0_0.dcp' for cell 'design_1_LED_i/axi_gpio_0'
INFO: [Project 1-454] Reading design checkpoint '/home/appletea/workspace_onedevice_2/SoC/project_1_LED/project_1_LED.gen/sources_1/bd/design_1_LED/ip/design_1_LED_axi_smc_0/design_1_LED_axi_smc_0.dcp' for cell 'design_1_LED_i/axi_smc'
INFO: [Project 1-454] Reading design checkpoint '/home/appletea/workspace_onedevice_2/SoC/project_1_LED/project_1_LED.gen/sources_1/bd/design_1_LED/ip/design_1_LED_axi_uartlite_0_0/design_1_LED_axi_uartlite_0_0.dcp' for cell 'design_1_LED_i/axi_uartlite_0'
INFO: [Project 1-454] Reading design checkpoint '/home/appletea/workspace_onedevice_2/SoC/project_1_LED/project_1_LED.gen/sources_1/bd/design_1_LED/ip/design_1_LED_clk_wiz_1_0/design_1_LED_clk_wiz_1_0.dcp' for cell 'design_1_LED_i/clk_wiz_1'
INFO: [Project 1-454] Reading design checkpoint '/home/appletea/workspace_onedevice_2/SoC/project_1_LED/project_1_LED.gen/sources_1/bd/design_1_LED/ip/design_1_LED_mdm_1_0/design_1_LED_mdm_1_0.dcp' for cell 'design_1_LED_i/mdm_1'
INFO: [Project 1-454] Reading design checkpoint '/home/appletea/workspace_onedevice_2/SoC/project_1_LED/project_1_LED.gen/sources_1/bd/design_1_LED/ip/design_1_LED_microblaze_riscv_0_0/design_1_LED_microblaze_riscv_0_0.dcp' for cell 'design_1_LED_i/microblaze_riscv_0'
INFO: [Project 1-454] Reading design checkpoint '/home/appletea/workspace_onedevice_2/SoC/project_1_LED/project_1_LED.gen/sources_1/bd/design_1_LED/ip/design_1_LED_proc_sys_reset_0_0/design_1_LED_proc_sys_reset_0_0.dcp' for cell 'design_1_LED_i/proc_sys_reset_0'
INFO: [Project 1-454] Reading design checkpoint '/home/appletea/workspace_onedevice_2/SoC/project_1_LED/project_1_LED.gen/sources_1/bd/design_1_LED/ip/design_1_LED_rst_clk_wiz_1_100M_0/design_1_LED_rst_clk_wiz_1_100M_0.dcp' for cell 'design_1_LED_i/rst_clk_wiz_1_100M'
INFO: [Project 1-454] Reading design checkpoint '/home/appletea/workspace_onedevice_2/SoC/project_1_LED/project_1_LED.gen/sources_1/bd/design_1_LED/ip/design_1_LED_dlmb_bram_if_cntlr_0/design_1_LED_dlmb_bram_if_cntlr_0.dcp' for cell 'design_1_LED_i/microblaze_riscv_0_local_memory/dlmb_bram_if_cntlr'
INFO: [Project 1-454] Reading design checkpoint '/home/appletea/workspace_onedevice_2/SoC/project_1_LED/project_1_LED.gen/sources_1/bd/design_1_LED/ip/design_1_LED_dlmb_v10_0/design_1_LED_dlmb_v10_0.dcp' for cell 'design_1_LED_i/microblaze_riscv_0_local_memory/dlmb_v10'
INFO: [Project 1-454] Reading design checkpoint '/home/appletea/workspace_onedevice_2/SoC/project_1_LED/project_1_LED.gen/sources_1/bd/design_1_LED/ip/design_1_LED_ilmb_bram_if_cntlr_0/design_1_LED_ilmb_bram_if_cntlr_0.dcp' for cell 'design_1_LED_i/microblaze_riscv_0_local_memory/ilmb_bram_if_cntlr'
INFO: [Project 1-454] Reading design checkpoint '/home/appletea/workspace_onedevice_2/SoC/project_1_LED/project_1_LED.gen/sources_1/bd/design_1_LED/ip/design_1_LED_ilmb_v10_0/design_1_LED_ilmb_v10_0.dcp' for cell 'design_1_LED_i/microblaze_riscv_0_local_memory/ilmb_v10'
INFO: [Project 1-454] Reading design checkpoint '/home/appletea/workspace_onedevice_2/SoC/project_1_LED/project_1_LED.gen/sources_1/bd/design_1_LED/ip/design_1_LED_lmb_bram_0/design_1_LED_lmb_bram_0.dcp' for cell 'design_1_LED_i/microblaze_riscv_0_local_memory/lmb_bram'
Netlist sorting complete. Time (s): cpu = 00:00:00.09 ; elapsed = 00:00:00.09 . Memory (MB): peak = 1506.070 ; gain = 0.000 ; free physical = 13687 ; free virtual = 23418
INFO: [Netlist 29-17] Analyzing 193 Unisim elements for replacement
INFO: [Netlist 29-28] Unisim Transformation completed in 0 CPU seconds
INFO: [Project 1-479] Netlist was created with Vivado 2024.2
INFO: [Project 1-570] Preparing netlist for logic optimization
Parsing XDC File [/home/appletea/workspace_onedevice_2/SoC/project_1_LED/project_1_LED.gen/sources_1/bd/design_1_LED/ip/design_1_LED_microblaze_riscv_0_0/design_1_LED_microblaze_riscv_0_0.xdc] for cell 'design_1_LED_i/microblaze_riscv_0/U0'
Finished Parsing XDC File [/home/appletea/workspace_onedevice_2/SoC/project_1_LED/project_1_LED.gen/sources_1/bd/design_1_LED/ip/design_1_LED_microblaze_riscv_0_0/design_1_LED_microblaze_riscv_0_0.xdc] for cell 'design_1_LED_i/microblaze_riscv_0/U0'
Parsing XDC File [/home/appletea/workspace_onedevice_2/SoC/project_1_LED/project_1_LED.gen/sources_1/bd/design_1_LED/ip/design_1_LED_clk_wiz_1_0/design_1_LED_clk_wiz_1_0_board.xdc] for cell 'design_1_LED_i/clk_wiz_1/inst'
Finished Parsing XDC File [/home/appletea/workspace_onedevice_2/SoC/project_1_LED/project_1_LED.gen/sources_1/bd/design_1_LED/ip/design_1_LED_clk_wiz_1_0/design_1_LED_clk_wiz_1_0_board.xdc] for cell 'design_1_LED_i/clk_wiz_1/inst'
Parsing XDC File [/home/appletea/workspace_onedevice_2/SoC/project_1_LED/project_1_LED.gen/sources_1/bd/design_1_LED/ip/design_1_LED_clk_wiz_1_0/design_1_LED_clk_wiz_1_0.xdc] for cell 'design_1_LED_i/clk_wiz_1/inst'
INFO: [Timing 38-35] Done setting XDC timing constraints. [/home/appletea/workspace_onedevice_2/SoC/project_1_LED/project_1_LED.gen/sources_1/bd/design_1_LED/ip/design_1_LED_clk_wiz_1_0/design_1_LED_clk_wiz_1_0.xdc:54]
INFO: [Timing 38-2] Deriving generated clocks [/home/appletea/workspace_onedevice_2/SoC/project_1_LED/project_1_LED.gen/sources_1/bd/design_1_LED/ip/design_1_LED_clk_wiz_1_0/design_1_LED_clk_wiz_1_0.xdc:54]
Finished Parsing XDC File [/home/appletea/workspace_onedevice_2/SoC/project_1_LED/project_1_LED.gen/sources_1/bd/design_1_LED/ip/design_1_LED_clk_wiz_1_0/design_1_LED_clk_wiz_1_0.xdc] for cell 'design_1_LED_i/clk_wiz_1/inst'
Parsing XDC File [/home/appletea/workspace_onedevice_2/SoC/project_1_LED/project_1_LED.gen/sources_1/bd/design_1_LED/ip/design_1_LED_rst_clk_wiz_1_100M_0/design_1_LED_rst_clk_wiz_1_100M_0_board.xdc] for cell 'design_1_LED_i/rst_clk_wiz_1_100M/U0'
Finished Parsing XDC File [/home/appletea/workspace_onedevice_2/SoC/project_1_LED/project_1_LED.gen/sources_1/bd/design_1_LED/ip/design_1_LED_rst_clk_wiz_1_100M_0/design_1_LED_rst_clk_wiz_1_100M_0_board.xdc] for cell 'design_1_LED_i/rst_clk_wiz_1_100M/U0'
Parsing XDC File [/home/appletea/workspace_onedevice_2/SoC/project_1_LED/project_1_LED.gen/sources_1/bd/design_1_LED/ip/design_1_LED_rst_clk_wiz_1_100M_0/design_1_LED_rst_clk_wiz_1_100M_0.xdc] for cell 'design_1_LED_i/rst_clk_wiz_1_100M/U0'
Finished Parsing XDC File [/home/appletea/workspace_onedevice_2/SoC/project_1_LED/project_1_LED.gen/sources_1/bd/design_1_LED/ip/design_1_LED_rst_clk_wiz_1_100M_0/design_1_LED_rst_clk_wiz_1_100M_0.xdc] for cell 'design_1_LED_i/rst_clk_wiz_1_100M/U0'
Parsing XDC File [/home/appletea/workspace_onedevice_2/SoC/project_1_LED/project_1_LED.gen/sources_1/bd/design_1_LED/ip/design_1_LED_axi_gpio_0_0/design_1_LED_axi_gpio_0_0_board.xdc] for cell 'design_1_LED_i/axi_gpio_0/U0'
Finished Parsing XDC File [/home/appletea/workspace_onedevice_2/SoC/project_1_LED/project_1_LED.gen/sources_1/bd/design_1_LED/ip/design_1_LED_axi_gpio_0_0/design_1_LED_axi_gpio_0_0_board.xdc] for cell 'design_1_LED_i/axi_gpio_0/U0'
Parsing XDC File [/home/appletea/workspace_onedevice_2/SoC/project_1_LED/project_1_LED.gen/sources_1/bd/design_1_LED/ip/design_1_LED_axi_gpio_0_0/design_1_LED_axi_gpio_0_0.xdc] for cell 'design_1_LED_i/axi_gpio_0/U0'
Finished Parsing XDC File [/home/appletea/workspace_onedevice_2/SoC/project_1_LED/project_1_LED.gen/sources_1/bd/design_1_LED/ip/design_1_LED_axi_gpio_0_0/design_1_LED_axi_gpio_0_0.xdc] for cell 'design_1_LED_i/axi_gpio_0/U0'
Parsing XDC File [/home/appletea/workspace_onedevice_2/SoC/project_1_LED/project_1_LED.gen/sources_1/bd/design_1_LED/ip/design_1_LED_axi_smc_0/bd_0/ip/ip_1/bd_bd72_psr_aclk_0_board.xdc] for cell 'design_1_LED_i/axi_smc/inst/clk_map/psr_aclk/U0'
Finished Parsing XDC File [/home/appletea/workspace_onedevice_2/SoC/project_1_LED/project_1_LED.gen/sources_1/bd/design_1_LED/ip/design_1_LED_axi_smc_0/bd_0/ip/ip_1/bd_bd72_psr_aclk_0_board.xdc] for cell 'design_1_LED_i/axi_smc/inst/clk_map/psr_aclk/U0'
Parsing XDC File [/home/appletea/workspace_onedevice_2/SoC/project_1_LED/project_1_LED.gen/sources_1/bd/design_1_LED/ip/design_1_LED_axi_smc_0/bd_0/ip/ip_1/bd_bd72_psr_aclk_0.xdc] for cell 'design_1_LED_i/axi_smc/inst/clk_map/psr_aclk/U0'
Finished Parsing XDC File [/home/appletea/workspace_onedevice_2/SoC/project_1_LED/project_1_LED.gen/sources_1/bd/design_1_LED/ip/design_1_LED_axi_smc_0/bd_0/ip/ip_1/bd_bd72_psr_aclk_0.xdc] for cell 'design_1_LED_i/axi_smc/inst/clk_map/psr_aclk/U0'
Parsing XDC File [/home/appletea/workspace_onedevice_2/SoC/project_1_LED/project_1_LED.gen/sources_1/bd/design_1_LED/ip/design_1_LED_axi_smc_0/smartconnect.xdc] for cell 'design_1_LED_i/axi_smc/inst'
Finished Parsing XDC File [/home/appletea/workspace_onedevice_2/SoC/project_1_LED/project_1_LED.gen/sources_1/bd/design_1_LED/ip/design_1_LED_axi_smc_0/smartconnect.xdc] for cell 'design_1_LED_i/axi_smc/inst'
Parsing XDC File [/home/appletea/workspace_onedevice_2/SoC/project_1_LED/project_1_LED.gen/sources_1/bd/design_1_LED/ip/design_1_LED_proc_sys_reset_0_0/design_1_LED_proc_sys_reset_0_0_board.xdc] for cell 'design_1_LED_i/proc_sys_reset_0/U0'
Finished Parsing XDC File [/home/appletea/workspace_onedevice_2/SoC/project_1_LED/project_1_LED.gen/sources_1/bd/design_1_LED/ip/design_1_LED_proc_sys_reset_0_0/design_1_LED_proc_sys_reset_0_0_board.xdc] for cell 'design_1_LED_i/proc_sys_reset_0/U0'
Parsing XDC File [/home/appletea/workspace_onedevice_2/SoC/project_1_LED/project_1_LED.gen/sources_1/bd/design_1_LED/ip/design_1_LED_proc_sys_reset_0_0/design_1_LED_proc_sys_reset_0_0.xdc] for cell 'design_1_LED_i/proc_sys_reset_0/U0'
Finished Parsing XDC File [/home/appletea/workspace_onedevice_2/SoC/project_1_LED/project_1_LED.gen/sources_1/bd/design_1_LED/ip/design_1_LED_proc_sys_reset_0_0/design_1_LED_proc_sys_reset_0_0.xdc] for cell 'design_1_LED_i/proc_sys_reset_0/U0'
Parsing XDC File [/home/appletea/workspace_onedevice_2/SoC/project_1_LED/project_1_LED.gen/sources_1/bd/design_1_LED/ip/design_1_LED_axi_uartlite_0_0/design_1_LED_axi_uartlite_0_0_board.xdc] for cell 'design_1_LED_i/axi_uartlite_0/U0'
Finished Parsing XDC File [/home/appletea/workspace_onedevice_2/SoC/project_1_LED/project_1_LED.gen/sources_1/bd/design_1_LED/ip/design_1_LED_axi_uartlite_0_0/design_1_LED_axi_uartlite_0_0_board.xdc] for cell 'design_1_LED_i/axi_uartlite_0/U0'
Parsing XDC File [/home/appletea/workspace_onedevice_2/SoC/project_1_LED/project_1_LED.gen/sources_1/bd/design_1_LED/ip/design_1_LED_axi_uartlite_0_0/design_1_LED_axi_uartlite_0_0.xdc] for cell 'design_1_LED_i/axi_uartlite_0/U0'
Finished Parsing XDC File [/home/appletea/workspace_onedevice_2/SoC/project_1_LED/project_1_LED.gen/sources_1/bd/design_1_LED/ip/design_1_LED_axi_uartlite_0_0/design_1_LED_axi_uartlite_0_0.xdc] for cell 'design_1_LED_i/axi_uartlite_0/U0'
Parsing XDC File [/home/appletea/workspace_onedevice_2/SoC/project_1_LED/project_1_LED.gen/sources_1/bd/design_1_LED/ip/design_1_LED_mdm_1_0/design_1_LED_mdm_1_0.xdc] for cell 'design_1_LED_i/mdm_1/U0'
Finished Parsing XDC File [/home/appletea/workspace_onedevice_2/SoC/project_1_LED/project_1_LED.gen/sources_1/bd/design_1_LED/ip/design_1_LED_mdm_1_0/design_1_LED_mdm_1_0.xdc] for cell 'design_1_LED_i/mdm_1/U0'
INFO: [Project 1-1714] 45 XPM XDC files have been applied to the design.
INFO: [Opt 31-138] Pushed 0 inverter(s) to 0 load pin(s).
Generating merged BMM file for the design top 'design_1_LED_wrapper'...
INFO: [Memdata 28-144] Successfully populated the BRAM INIT strings from the following elf files: /home/appletea/workspace_onedevice_2/SoC/project_1_LED/project_1_LED.gen/sources_1/bd/design_1_LED/ip/design_1_LED_microblaze_riscv_0_0/data/riscv_bootloop.elf 
Netlist sorting complete. Time (s): cpu = 00:00:00.01 ; elapsed = 00:00:00.01 . Memory (MB): peak = 2263.332 ; gain = 0.000 ; free physical = 13125 ; free virtual = 22856
INFO: [Project 1-111] Unisim Transformation Summary:
  A total of 64 instances were transformed.
  LUT6_2 => LUT6_2 (LUT5, LUT6): 48 instances
  RAM32M => RAM32M (RAMD32(x6), RAMS32(x2)): 16 instances

27 Infos, 0 Warnings, 0 Critical Warnings and 0 Errors encountered.
link_design completed successfully
link_design: Time (s): cpu = 00:00:07 ; elapsed = 00:00:07 . Memory (MB): peak = 2263.332 ; gain = 820.637 ; free physical = 13125 ; free virtual = 22856
Command: opt_design
Attempting to get a license for feature 'Implementation' and/or device 'xc7a35t'
INFO: [Common 17-349] Got license for feature 'Implementation' and/or device 'xc7a35t'
Running DRC as a precondition to command opt_design

Starting DRC Task
INFO: [DRC 23-27] Running DRC with 8 threads
INFO: [Project 1-461] DRC finished with 0 Errors
INFO: [Project 1-462] Please refer to the DRC report (report_drc) for more information.

Time (s): cpu = 00:00:02 ; elapsed = 00:00:00.39 . Memory (MB): peak = 2263.332 ; gain = 0.000 ; free physical = 13065 ; free virtual = 22797

Starting Cache Timing Information Task
INFO: [Timing 38-35] Done setting XDC timing constraints.
Ending Cache Timing Information Task | Checksum: 20e83662c

Time (s): cpu = 00:00:00.26 ; elapsed = 00:00:00.14 . Memory (MB): peak = 2312.145 ; gain = 48.812 ; free physical = 13065 ; free virtual = 22797

Starting Logic Optimization Task

Phase 1 Initialization

Phase 1.1 Core Generation And Design Setup
Phase 1.1 Core Generation And Design Setup | Checksum: 20e83662c

Time (s): cpu = 00:00:00 ; elapsed = 00:00:00.01 . Memory (MB): peak = 2640.043 ; gain = 0.000 ; free physical = 12735 ; free virtual = 22466

Phase 1.2 Setup Constraints And Sort Netlist
Phase 1.2 Setup Constraints And Sort Netlist | Checksum: 20e83662c

Time (s): cpu = 00:00:00.01 ; elapsed = 00:00:00.01 . Memory (MB): peak = 2640.043 ; gain = 0.000 ; free physical = 12735 ; free virtual = 22466
Phase 1 Initialization | Checksum: 20e83662c

Time (s): cpu = 00:00:00.01 ; elapsed = 00:00:00.01 . Memory (MB): peak = 2640.043 ; gain = 0.000 ; free physical = 12735 ; free virtual = 22466

Phase 2 Timer Update And Timing Data Collection

Phase 2.1 Timer Update
Phase 2.1 Timer Update | Checksum: 20e83662c

Time (s): cpu = 00:00:00.15 ; elapsed = 00:00:00.05 . Memory (MB): peak = 2640.043 ; gain = 0.000 ; free physical = 12735 ; free virtual = 22466

Phase 2.2 Timing Data Collection
Phase 2.2 Timing Data Collection | Checksum: 20e83662c

Time (s): cpu = 00:00:00.16 ; elapsed = 00:00:00.07 . Memory (MB): peak = 2640.043 ; gain = 0.000 ; free physical = 12735 ; free virtual = 22466
Phase 2 Timer Update And Timing Data Collection | Checksum: 20e83662c

Time (s): cpu = 00:00:00.16 ; elapsed = 00:00:00.07 . Memory (MB): peak = 2640.043 ; gain = 0.000 ; free physical = 12735 ; free virtual = 22466

Phase 3 Retarget
INFO: [Opt 31-1851] Number of loadless carry chains removed were: 0
INFO: [Opt 31-1834] Total Chains To Be Transformed Were: 0 AND Number of Transformed insts Created are: 0
INFO: [Opt 31-138] Pushed 5 inverter(s) to 9 load pin(s).
INFO: [Opt 31-49] Retargeted 0 cell(s).
Phase 3 Retarget | Checksum: 27895dc47

Time (s): cpu = 00:00:00.28 ; elapsed = 00:00:00.14 . Memory (MB): peak = 2640.043 ; gain = 0.000 ; free physical = 12735 ; free virtual = 22466
Retarget | Checksum: 27895dc47
INFO: [Opt 31-389] Phase Retarget created 74 cells and removed 123 cells
INFO: [Opt 31-1021] In phase Retarget, 84 netlist objects are constrained preventing optimization. Please run opt_design with -debug_log to get more detail. 

Phase 4 Constant propagation
INFO: [Opt 31-138] Pushed 0 inverter(s) to 0 load pin(s).
Phase 4 Constant propagation | Checksum: 2da5b6a3b

Time (s): cpu = 00:00:00.3 ; elapsed = 00:00:00.16 . Memory (MB): peak = 2640.043 ; gain = 0.000 ; free physical = 12735 ; free virtual = 22466
Constant propagation | Checksum: 2da5b6a3b
INFO: [Opt 31-389] Phase Constant propagation created 4 cells and removed 36 cells
INFO: [Opt 31-1021] In phase Constant propagation, 81 netlist objects are constrained preventing optimization. Please run opt_design with -debug_log to get more detail. 

Phase 5 Sweep
INFO: [Constraints 18-11670] Building netlist checker database with flags, 0x8
Done building netlist checker database: Time (s): cpu = 00:00:00 ; elapsed = 00:00:00 . Memory (MB): peak = 2640.043 ; gain = 0.000 ; free physical = 12735 ; free virtual = 22466
INFO: [Constraints 18-11670] Building netlist checker database with flags, 0x8
Done building netlist checker database: Time (s): cpu = 00:00:00 ; elapsed = 00:00:00 . Memory (MB): peak = 2640.043 ; gain = 0.000 ; free physical = 12735 ; free virtual = 22466
Phase 5 Sweep | Checksum: 2a76a9e5f

Time (s): cpu = 00:00:00.58 ; elapsed = 00:00:00.45 . Memory (MB): peak = 2640.043 ; gain = 0.000 ; free physical = 12735 ; free virtual = 22467
Sweep | Checksum: 2a76a9e5f
INFO: [Opt 31-389] Phase Sweep created 17 cells and removed 271 cells
INFO: [Opt 31-1021] In phase Sweep, 101 netlist objects are constrained preventing optimization. Please run opt_design with -debug_log to get more detail. 

Phase 6 BUFG optimization
INFO: [Opt 31-194] Inserted BUFG design_1_LED_i/mdm_1/U0/Use_E2.BSCAN_I/tck_BUFG_inst to drive 51 load(s) on clock net design_1_LED_i/mdm_1/U0/Use_E2.BSCAN_I/tck_BUFG
INFO: [Opt 31-193] Inserted 1 BUFG(s) on clock nets
Phase 6 BUFG optimization | Checksum: 2aab143d3

Time (s): cpu = 00:00:00.63 ; elapsed = 00:00:00.48 . Memory (MB): peak = 2672.059 ; gain = 32.016 ; free physical = 12735 ; free virtual = 22467
BUFG optimization | Checksum: 2aab143d3
INFO: [Opt 31-662] Phase BUFG optimization created 1 cells of which 1 are BUFGs and removed 0 cells.

Phase 7 Shift Register Optimization
INFO: [Opt 31-1064] SRL Remap converted 0 SRLs to 0 registers and converted 0 registers of register chains to 0 SRLs
Phase 7 Shift Register Optimization | Checksum: 2aab143d3

Time (s): cpu = 00:00:00.64 ; elapsed = 00:00:00.48 . Memory (MB): peak = 2672.059 ; gain = 32.016 ; free physical = 12735 ; free virtual = 22467
Shift Register Optimization | Checksum: 2aab143d3
INFO: [Opt 31-389] Phase Shift Register Optimization created 0 cells and removed 0 cells

Phase 8 Post Processing Netlist
Phase 8 Post Processing Netlist | Checksum: 2ceae0755

Time (s): cpu = 00:00:00.65 ; elapsed = 00:00:00.49 . Memory (MB): peak = 2672.059 ; gain = 32.016 ; free physical = 12735 ; free virtual = 22467
Post Processing Netlist | Checksum: 2ceae0755
INFO: [Opt 31-389] Phase Post Processing Netlist created 0 cells and removed 0 cells
INFO: [Opt 31-1021] In phase Post Processing Netlist, 96 netlist objects are constrained preventing optimization. Please run opt_design with -debug_log to get more detail. 

Phase 9 Finalization

Phase 9.1 Finalizing Design Cores and Updating Shapes
Phase 9.1 Finalizing Design Cores and Updating Shapes | Checksum: 2cc1410ee

Time (s): cpu = 00:00:00.74 ; elapsed = 00:00:00.55 . Memory (MB): peak = 2672.059 ; gain = 32.016 ; free physical = 12735 ; free virtual = 22467

Phase 9.2 Verifying Netlist Connectivity

Starting Connectivity Check Task

Time (s): cpu = 00:00:00.01 ; elapsed = 00:00:00.01 . Memory (MB): peak = 2672.059 ; gain = 0.000 ; free physical = 12735 ; free virtual = 22467
Phase 9.2 Verifying Netlist Connectivity | Checksum: 2cc1410ee

Time (s): cpu = 00:00:00.75 ; elapsed = 00:00:00.56 . Memory (MB): peak = 2672.059 ; gain = 32.016 ; free physical = 12735 ; free virtual = 22467
Phase 9 Finalization | Checksum: 2cc1410ee

Time (s): cpu = 00:00:00.75 ; elapsed = 00:00:00.56 . Memory (MB): peak = 2672.059 ; gain = 32.016 ; free physical = 12735 ; free virtual = 22467
Opt_design Change Summary
=========================


-------------------------------------------------------------------------------------------------------------------------
|  Phase                        |  #Cells created  |  #Cells Removed  |  #Constrained objects preventing optimizations  |
-------------------------------------------------------------------------------------------------------------------------
|  Retarget                     |              74  |             123  |                                             84  |
|  Constant propagation         |               4  |              36  |                                             81  |
|  Sweep                        |              17  |             271  |                                            101  |
|  BUFG optimization            |               1  |               0  |                                              0  |
|  Shift Register Optimization  |               0  |               0  |                                              0  |
|  Post Processing Netlist      |               0  |               0  |                                             96  |
-------------------------------------------------------------------------------------------------------------------------


Ending Logic Optimization Task | Checksum: 2cc1410ee

Time (s): cpu = 00:00:00.75 ; elapsed = 00:00:00.56 . Memory (MB): peak = 2672.059 ; gain = 32.016 ; free physical = 12735 ; free virtual = 22467

Starting Power Optimization Task
INFO: [Pwropt 34-132] Skipping clock gating for clocks with a period < 2.00 ns.
INFO: [Timing 38-35] Done setting XDC timing constraints.
Running Vector-less Activity Propagation...

Finished Running Vector-less Activity Propagation
INFO: [Pwropt 34-9] Applying IDT optimizations ...
INFO: [Pwropt 34-10] Applying ODC optimizations ...


Starting PowerOpt Patch Enables Task
INFO: [Pwropt 34-162] WRITE_MODE attribute of 0 BRAM(s) out of a total of 32 has been updated to save power. Run report_power_opt to get a complete listing of the BRAMs updated.
INFO: [Pwropt 34-201] Structural ODC has moved 0 WE to EN ports
Number of BRAM Ports augmented: 32 newly gated: 0 Total Ports: 64
Ending PowerOpt Patch Enables Task | Checksum: 24978d456

Time (s): cpu = 00:00:00.13 ; elapsed = 00:00:00.11 . Memory (MB): peak = 2922.941 ; gain = 0.000 ; free physical = 12628 ; free virtual = 22360
Ending Power Optimization Task | Checksum: 24978d456

Time (s): cpu = 00:00:02 ; elapsed = 00:00:02 . Memory (MB): peak = 2922.941 ; gain = 250.883 ; free physical = 12628 ; free virtual = 22360

Starting Final Cleanup Task

Starting Logic Optimization Task
INFO: [Timing 38-35] Done setting XDC timing constraints.
Ending Logic Optimization Task | Checksum: 2cf051336

Time (s): cpu = 00:00:00.44 ; elapsed = 00:00:00.25 . Memory (MB): peak = 2922.941 ; gain = 0.000 ; free physical = 12627 ; free virtual = 22359
Ending Final Cleanup Task | Checksum: 2cf051336

Time (s): cpu = 00:00:02 ; elapsed = 00:00:02 . Memory (MB): peak = 2922.941 ; gain = 0.000 ; free physical = 12627 ; free virtual = 22359

Starting Netlist Obfuscation Task
Netlist sorting complete. Time (s): cpu = 00:00:00 ; elapsed = 00:00:00.01 . Memory (MB): peak = 2922.941 ; gain = 0.000 ; free physical = 12627 ; free virtual = 22359
Ending Netlist Obfuscation Task | Checksum: 2cf051336

Time (s): cpu = 00:00:00 ; elapsed = 00:00:00.01 . Memory (MB): peak = 2922.941 ; gain = 0.000 ; free physical = 12627 ; free virtual = 22359
INFO: [Common 17-83] Releasing license: Implementation
60 Infos, 0 Warnings, 0 Critical Warnings and 0 Errors encountered.
opt_design completed successfully
opt_design: Time (s): cpu = 00:00:08 ; elapsed = 00:00:06 . Memory (MB): peak = 2922.941 ; gain = 659.609 ; free physical = 12627 ; free virtual = 22359
INFO: [Vivado 12-24828] Executing command : report_drc -file design_1_LED_wrapper_drc_opted.rpt -pb design_1_LED_wrapper_drc_opted.pb -rpx design_1_LED_wrapper_drc_opted.rpx
Command: report_drc -file design_1_LED_wrapper_drc_opted.rpt -pb design_1_LED_wrapper_drc_opted.pb -rpx design_1_LED_wrapper_drc_opted.rpx
INFO: [IP_Flow 19-1839] IP Catalog is up to date.
INFO: [DRC 23-27] Running DRC with 8 threads
INFO: [Vivado_Tcl 2-168] The results of DRC are in file /home/appletea/workspace_onedevice_2/SoC/project_1_LED/project_1_LED.runs/impl_1/design_1_LED_wrapper_drc_opted.rpt.
report_drc completed successfully
INFO: [Timing 38-35] Done setting XDC timing constraints.
INFO: [Timing 38-480] Writing timing data to binary archive.
Wrote PlaceDB: Time (s): cpu = 00:00:00 ; elapsed = 00:00:00 . Memory (MB): peak = 2922.941 ; gain = 0.000 ; free physical = 12624 ; free virtual = 22356
Wrote PulsedLatchDB: Time (s): cpu = 00:00:00 ; elapsed = 00:00:00 . Memory (MB): peak = 2922.941 ; gain = 0.000 ; free physical = 12624 ; free virtual = 22356
Writing XDEF routing.
Write ShapeDB Complete: Time (s): cpu = 00:00:00.01 ; elapsed = 00:00:00 . Memory (MB): peak = 2922.941 ; gain = 0.000 ; free physical = 12624 ; free virtual = 22356
Writing XDEF routing logical nets.
Writing XDEF routing special nets.
Wrote RouteStorage: Time (s): cpu = 00:00:00.05 ; elapsed = 00:00:00.02 . Memory (MB): peak = 2922.941 ; gain = 0.000 ; free physical = 12624 ; free virtual = 22356
Wrote Netlist Cache: Time (s): cpu = 00:00:00 ; elapsed = 00:00:00 . Memory (MB): peak = 2922.941 ; gain = 0.000 ; free physical = 12624 ; free virtual = 22356
Wrote Device Cache: Time (s): cpu = 00:00:00.02 ; elapsed = 00:00:00 . Memory (MB): peak = 2922.941 ; gain = 0.000 ; free physical = 12624 ; free virtual = 22357
Write Physdb Complete: Time (s): cpu = 00:00:00.07 ; elapsed = 00:00:00.02 . Memory (MB): peak = 2922.941 ; gain = 0.000 ; free physical = 12624 ; free virtual = 22357
INFO: [Common 17-1381] The checkpoint '/home/appletea/workspace_onedevice_2/SoC/project_1_LED/project_1_LED.runs/impl_1/design_1_LED_wrapper_opt.dcp' has been generated.
Command: place_design
Attempting to get a license for feature 'Implementation' and/or device 'xc7a35t'
INFO: [Common 17-349] Got license for feature 'Implementation' and/or device 'xc7a35t'
INFO: [Common 17-83] Releasing license: Implementation
INFO: [DRC 23-27] Running DRC with 8 threads
INFO: [Vivado_Tcl 4-198] DRC finished with 0 Errors
INFO: [Vivado_Tcl 4-199] Please refer to the DRC report (report_drc) for more information.
Running DRC as a precondition to command place_design
INFO: [DRC 23-27] Running DRC with 8 threads
INFO: [Vivado_Tcl 4-198] DRC finished with 0 Errors
INFO: [Vivado_Tcl 4-199] Please refer to the DRC report (report_drc) for more information.
INFO: [Place 30-611] Multithreading enabled for place_design using a maximum of 8 CPUs

Starting Placer Task

Phase 1 Placer Initialization

Phase 1.1 Placer Initialization Netlist Sorting
Netlist sorting complete. Time (s): cpu = 00:00:00 ; elapsed = 00:00:00 . Memory (MB): peak = 2922.941 ; gain = 0.000 ; free physical = 12588 ; free virtual = 22322
Phase 1.1 Placer Initialization Netlist Sorting | Checksum: 25e885009

Time (s): cpu = 00:00:00 ; elapsed = 00:00:00 . Memory (MB): peak = 2922.941 ; gain = 0.000 ; free physical = 12588 ; free virtual = 22322
Netlist sorting complete. Time (s): cpu = 00:00:00 ; elapsed = 00:00:00 . Memory (MB): peak = 2922.941 ; gain = 0.000 ; free physical = 12588 ; free virtual = 22322

Phase 1.2 IO Placement/ Clock Placement/ Build Placer Device
Phase 1.2 IO Placement/ Clock Placement/ Build Placer Device | Checksum: 106ec0693

Time (s): cpu = 00:00:00.39 ; elapsed = 00:00:00.14 . Memory (MB): peak = 2922.941 ; gain = 0.000 ; free physical = 12580 ; free virtual = 22314

Phase 1.3 Build Placer Netlist Model
Phase 1.3 Build Placer Netlist Model | Checksum: 111f7c799

Time (s): cpu = 00:00:01 ; elapsed = 00:00:00.53 . Memory (MB): peak = 2922.941 ; gain = 0.000 ; free physical = 12577 ; free virtual = 22311

Phase 1.4 Constrain Clocks/Macros
Phase 1.4 Constrain Clocks/Macros | Checksum: 111f7c799

Time (s): cpu = 00:00:01 ; elapsed = 00:00:00.54 . Memory (MB): peak = 2922.941 ; gain = 0.000 ; free physical = 12577 ; free virtual = 22311
Phase 1 Placer Initialization | Checksum: 111f7c799

Time (s): cpu = 00:00:01 ; elapsed = 00:00:00.55 . Memory (MB): peak = 2922.941 ; gain = 0.000 ; free physical = 12577 ; free virtual = 22311

Phase 2 Global Placement

Phase 2.1 Floorplanning
Phase 2.1 Floorplanning | Checksum: 1e240b0e2

Time (s): cpu = 00:00:02 ; elapsed = 00:00:00.67 . Memory (MB): peak = 2922.941 ; gain = 0.000 ; free physical = 12545 ; free virtual = 22279

Phase 2.2 Update Timing before SLR Path Opt
Phase 2.2 Update Timing before SLR Path Opt | Checksum: 1348f0131

Time (s): cpu = 00:00:02 ; elapsed = 00:00:00.76 . Memory (MB): peak = 2922.941 ; gain = 0.000 ; free physical = 12568 ; free virtual = 22302

Phase 2.3 Post-Processing in Floorplanning
Phase 2.3 Post-Processing in Floorplanning | Checksum: 1348f0131

Time (s): cpu = 00:00:02 ; elapsed = 00:00:00.77 . Memory (MB): peak = 2922.941 ; gain = 0.000 ; free physical = 12568 ; free virtual = 22302

Phase 2.4 Global Place Phase1
Phase 2.4 Global Place Phase1 | Checksum: 2896190f4

Time (s): cpu = 00:00:07 ; elapsed = 00:00:02 . Memory (MB): peak = 2922.941 ; gain = 0.000 ; free physical = 12550 ; free virtual = 22284

Phase 2.5 Global Place Phase2

Phase 2.5.1 UpdateTiming Before Physical Synthesis
Phase 2.5.1 UpdateTiming Before Physical Synthesis | Checksum: 24f6a8646

Time (s): cpu = 00:00:08 ; elapsed = 00:00:02 . Memory (MB): peak = 2922.941 ; gain = 0.000 ; free physical = 12551 ; free virtual = 22285

Phase 2.5.2 Physical Synthesis In Placer
INFO: [Physopt 32-1035] Found 0 LUTNM shape to break, 122 LUT instances to create LUTNM shape
INFO: [Physopt 32-1044] Break lutnm for timing: one critical 0, two critical 0, total 0, new lutff created 0
INFO: [Physopt 32-1138] End 1 Pass. Optimized 56 nets or LUTs. Breaked 0 LUT, combined 56 existing LUTs and moved 0 existing LUT
INFO: [Physopt 32-65] No nets found for high-fanout optimization.
INFO: [Physopt 32-232] Optimized 0 net. Created 0 new instance.
INFO: [Physopt 32-775] End 1 Pass. Optimized 0 net or cell. Created 0 new cell, deleted 0 existing cell and moved 0 existing cell
INFO: [Physopt 32-670] No setup violation found.  DSP Register Optimization was not performed.
INFO: [Physopt 32-670] No setup violation found.  Shift Register to Pipeline Optimization was not performed.
INFO: [Physopt 32-670] No setup violation found.  Shift Register Optimization was not performed.
INFO: [Physopt 32-670] No setup violation found.  BRAM Register Optimization was not performed.
INFO: [Physopt 32-670] No setup violation found.  URAM Register Optimization was not performed.
INFO: [Physopt 32-949] No candidate nets found for dynamic/static region interface net replication
INFO: [Physopt 32-775] End 1 Pass. Optimized 0 net or cell. Created 0 new cell, deleted 0 existing cell and moved 0 existing cell
Netlist sorting complete. Time (s): cpu = 00:00:00 ; elapsed = 00:00:00 . Memory (MB): peak = 2922.941 ; gain = 0.000 ; free physical = 12553 ; free virtual = 22287

Summary of Physical Synthesis Optimizations
============================================


-----------------------------------------------------------------------------------------------------------------------------------------------------------
|  Optimization                                     |  Added Cells  |  Removed Cells  |  Optimized Cells/Nets  |  Dont Touch  |  Iterations  |  Elapsed   |
-----------------------------------------------------------------------------------------------------------------------------------------------------------
|  LUT Combining                                    |            0  |             56  |                    56  |           0  |           1  |  00:00:00  |
|  Retime                                           |            0  |              0  |                     0  |           0  |           1  |  00:00:00  |
|  Very High Fanout                                 |            0  |              0  |                     0  |           0  |           1  |  00:00:00  |
|  DSP Register                                     |            0  |              0  |                     0  |           0  |           0  |  00:00:00  |
|  Shift Register to Pipeline                       |            0  |              0  |                     0  |           0  |           0  |  00:00:00  |
|  Shift Register                                   |            0  |              0  |                     0  |           0  |           0  |  00:00:00  |
|  BRAM Register                                    |            0  |              0  |                     0  |           0  |           0  |  00:00:00  |
|  URAM Register                                    |            0  |              0  |                     0  |           0  |           0  |  00:00:00  |
|  Dynamic/Static Region Interface Net Replication  |            0  |              0  |                     0  |           0  |           1  |  00:00:00  |
|  Total                                            |            0  |             56  |                    56  |           0  |           4  |  00:00:00  |
-----------------------------------------------------------------------------------------------------------------------------------------------------------


Phase 2.5.2 Physical Synthesis In Placer | Checksum: 294247905

Time (s): cpu = 00:00:08 ; elapsed = 00:00:03 . Memory (MB): peak = 2922.941 ; gain = 0.000 ; free physical = 12553 ; free virtual = 22287
Phase 2.5 Global Place Phase2 | Checksum: 34b1730e1

Time (s): cpu = 00:00:09 ; elapsed = 00:00:03 . Memory (MB): peak = 2922.941 ; gain = 0.000 ; free physical = 12553 ; free virtual = 22287
Phase 2 Global Placement | Checksum: 34b1730e1

Time (s): cpu = 00:00:09 ; elapsed = 00:00:03 . Memory (MB): peak = 2922.941 ; gain = 0.000 ; free physical = 12553 ; free virtual = 22287

Phase 3 Detail Placement

Phase 3.1 Commit Multi Column Macros
Phase 3.1 Commit Multi Column Macros | Checksum: 2f0e7847c

Time (s): cpu = 00:00:09 ; elapsed = 00:00:03 . Memory (MB): peak = 2922.941 ; gain = 0.000 ; free physical = 12554 ; free virtual = 22288

Phase 3.2 Commit Most Macros & LUTRAMs
Phase 3.2 Commit Most Macros & LUTRAMs | Checksum: 2c758997e

Time (s): cpu = 00:00:10 ; elapsed = 00:00:03 . Memory (MB): peak = 2922.941 ; gain = 0.000 ; free physical = 12554 ; free virtual = 22288

Phase 3.3 Area Swap Optimization
Phase 3.3 Area Swap Optimization | Checksum: 2b5288756

Time (s): cpu = 00:00:10 ; elapsed = 00:00:03 . Memory (MB): peak = 2922.941 ; gain = 0.000 ; free physical = 12554 ; free virtual = 22288

Phase 3.4 Pipeline Register Optimization
Phase 3.4 Pipeline Register Optimization | Checksum: 26302c7c4

Time (s): cpu = 00:00:10 ; elapsed = 00:00:03 . Memory (MB): peak = 2922.941 ; gain = 0.000 ; free physical = 12554 ; free virtual = 22287

Phase 3.5 Small Shape Detail Placement
Phase 3.5 Small Shape Detail Placement | Checksum: 347d35998

Time (s): cpu = 00:00:10 ; elapsed = 00:00:04 . Memory (MB): peak = 2922.941 ; gain = 0.000 ; free physical = 12554 ; free virtual = 22287

Phase 3.6 Re-assign LUT pins
Phase 3.6 Re-assign LUT pins | Checksum: 2b4a9a6e3

Time (s): cpu = 00:00:11 ; elapsed = 00:00:04 . Memory (MB): peak = 2922.941 ; gain = 0.000 ; free physical = 12554 ; free virtual = 22287

Phase 3.7 Pipeline Register Optimization
Phase 3.7 Pipeline Register Optimization | Checksum: 251955e48

Time (s): cpu = 00:00:11 ; elapsed = 00:00:04 . Memory (MB): peak = 2922.941 ; gain = 0.000 ; free physical = 12554 ; free virtual = 22287
Phase 3 Detail Placement | Checksum: 251955e48

Time (s): cpu = 00:00:11 ; elapsed = 00:00:04 . Memory (MB): peak = 2922.941 ; gain = 0.000 ; free physical = 12554 ; free virtual = 22287

Phase 4 Post Placement Optimization and Clean-Up

Phase 4.1 Post Commit Optimization
INFO: [Timing 38-35] Done setting XDC timing constraints.

Phase 4.1.1 Post Placement Optimization
Post Placement Optimization Initialization | Checksum: 25637e56d

Phase 4.1.1.1 BUFG Insertion

Starting Physical Synthesis Task

Phase 1 Physical Synthesis Initialization
INFO: [Physopt 32-721] Multithreading enabled for phys_opt_design using a maximum of 8 CPUs
INFO: [Physopt 32-619] Estimated Timing Summary | WNS=0.781 | TNS=0.000 |
Phase 1 Physical Synthesis Initialization | Checksum: 1bc5440f5

Time (s): cpu = 00:00:00.23 ; elapsed = 00:00:00.07 . Memory (MB): peak = 2922.941 ; gain = 0.000 ; free physical = 12555 ; free virtual = 22289
INFO: [Place 46-56] BUFG insertion identified 0 candidate nets. Inserted BUFG: 0, Replicated BUFG Driver: 0, Skipped due to Placement/Routing Conflicts: 0, Skipped due to Timing Degradation: 0, Skipped due to netlist editing failed: 0.
Ending Physical Synthesis Task | Checksum: 2403e8bb8

Time (s): cpu = 00:00:00.26 ; elapsed = 00:00:00.08 . Memory (MB): peak = 2922.941 ; gain = 0.000 ; free physical = 12555 ; free virtual = 22289
Phase 4.1.1.1 BUFG Insertion | Checksum: 25637e56d

Time (s): cpu = 00:00:12 ; elapsed = 00:00:04 . Memory (MB): peak = 2922.941 ; gain = 0.000 ; free physical = 12555 ; free virtual = 22289

Phase 4.1.1.2 Post Placement Timing Optimization
INFO: [Place 30-746] Post Placement Timing Summary WNS=0.781. For the most accurate timing information please run report_timing.
Phase 4.1.1.2 Post Placement Timing Optimization | Checksum: 1d26d9abd

Time (s): cpu = 00:00:12 ; elapsed = 00:00:04 . Memory (MB): peak = 2922.941 ; gain = 0.000 ; free physical = 12555 ; free virtual = 22289

Time (s): cpu = 00:00:12 ; elapsed = 00:00:04 . Memory (MB): peak = 2922.941 ; gain = 0.000 ; free physical = 12555 ; free virtual = 22289
Phase 4.1 Post Commit Optimization | Checksum: 1d26d9abd

Time (s): cpu = 00:00:12 ; elapsed = 00:00:04 . Memory (MB): peak = 2922.941 ; gain = 0.000 ; free physical = 12555 ; free virtual = 22289

Phase 4.2 Post Placement Cleanup
Phase 4.2 Post Placement Cleanup | Checksum: 1d26d9abd

Time (s): cpu = 00:00:12 ; elapsed = 00:00:04 . Memory (MB): peak = 2922.941 ; gain = 0.000 ; free physical = 12555 ; free virtual = 22289

Phase 4.3 Placer Reporting

Phase 4.3.1 Print Estimated Congestion
INFO: [Place 30-612] Post-Placement Estimated Congestion 
 ____________________________________________________
|           | Global Congestion | Short Congestion  |
| Direction | Region Size       | Region Size       |
|___________|___________________|___________________|
|      North|                1x1|                2x2|
|___________|___________________|___________________|
|      South|                1x1|                1x1|
|___________|___________________|___________________|
|       East|                1x1|                2x2|
|___________|___________________|___________________|
|       West|                1x1|                1x1|
|___________|___________________|___________________|

Phase 4.3.1 Print Estimated Congestion | Checksum: 1d26d9abd

Time (s): cpu = 00:00:12 ; elapsed = 00:00:04 . Memory (MB): peak = 2922.941 ; gain = 0.000 ; free physical = 12555 ; free virtual = 22289
Phase 4.3 Placer Reporting | Checksum: 1d26d9abd

Time (s): cpu = 00:00:12 ; elapsed = 00:00:04 . Memory (MB): peak = 2922.941 ; gain = 0.000 ; free physical = 12555 ; free virtual = 22289

Phase 4.4 Final Placement Cleanup
Netlist sorting complete. Time (s): cpu = 00:00:00 ; elapsed = 00:00:00 . Memory (MB): peak = 2922.941 ; gain = 0.000 ; free physical = 12555 ; free virtual = 22289

Time (s): cpu = 00:00:12 ; elapsed = 00:00:04 . Memory (MB): peak = 2922.941 ; gain = 0.000 ; free physical = 12555 ; free virtual = 22289
Phase 4 Post Placement Optimization and Clean-Up | Checksum: 124e8b05f

Time (s): cpu = 00:00:12 ; elapsed = 00:00:04 . Memory (MB): peak = 2922.941 ; gain = 0.000 ; free physical = 12555 ; free virtual = 22289
Ending Placer Task | Checksum: 1223cde2d

Time (s): cpu = 00:00:12 ; elapsed = 00:00:04 . Memory (MB): peak = 2922.941 ; gain = 0.000 ; free physical = 12555 ; free virtual = 22289
95 Infos, 0 Warnings, 0 Critical Warnings and 0 Errors encountered.
place_design completed successfully
INFO: [Vivado 12-24838] Running report commands "report_control_sets, report_io, report_utilization" in parallel.
Running report generation with 3 threads.
INFO: [Vivado 12-24828] Executing command : report_control_sets -verbose -file design_1_LED_wrapper_control_sets_placed.rpt
report_control_sets: Time (s): cpu = 00:00:00.08 ; elapsed = 00:00:00.08 . Memory (MB): peak = 2922.941 ; gain = 0.000 ; free physical = 12555 ; free virtual = 22289
INFO: [Vivado 12-24828] Executing command : report_io -file design_1_LED_wrapper_io_placed.rpt
report_io: Time (s): cpu = 00:00:00.08 ; elapsed = 00:00:00.12 . Memory (MB): peak = 2922.941 ; gain = 0.000 ; free physical = 12547 ; free virtual = 22281
INFO: [Vivado 12-24828] Executing command : report_utilization -file design_1_LED_wrapper_utilization_placed.rpt -pb design_1_LED_wrapper_utilization_placed.pb
INFO: [Timing 38-480] Writing timing data to binary archive.
Write ShapeDB Complete: Time (s): cpu = 00:00:00.04 ; elapsed = 00:00:00 . Memory (MB): peak = 2922.941 ; gain = 0.000 ; free physical = 12545 ; free virtual = 22280
Wrote PlaceDB: Time (s): cpu = 00:00:00.47 ; elapsed = 00:00:00.12 . Memory (MB): peak = 2922.941 ; gain = 0.000 ; free physical = 12532 ; free virtual = 22272
Wrote PulsedLatchDB: Time (s): cpu = 00:00:00 ; elapsed = 00:00:00 . Memory (MB): peak = 2922.941 ; gain = 0.000 ; free physical = 12532 ; free virtual = 22272
Writing XDEF routing.
Writing XDEF routing logical nets.
Writing XDEF routing special nets.
Wrote RouteStorage: Time (s): cpu = 00:00:00.03 ; elapsed = 00:00:00.01 . Memory (MB): peak = 2922.941 ; gain = 0.000 ; free physical = 12532 ; free virtual = 22272
Wrote Netlist Cache: Time (s): cpu = 00:00:00.02 ; elapsed = 00:00:00.01 . Memory (MB): peak = 2922.941 ; gain = 0.000 ; free physical = 12532 ; free virtual = 22272
Wrote Device Cache: Time (s): cpu = 00:00:00.01 ; elapsed = 00:00:00 . Memory (MB): peak = 2922.941 ; gain = 0.000 ; free physical = 12532 ; free virtual = 22272
Write Physdb Complete: Time (s): cpu = 00:00:00.54 ; elapsed = 00:00:00.14 . Memory (MB): peak = 2922.941 ; gain = 0.000 ; free physical = 12532 ; free virtual = 22272
INFO: [Common 17-1381] The checkpoint '/home/appletea/workspace_onedevice_2/SoC/project_1_LED/project_1_LED.runs/impl_1/design_1_LED_wrapper_placed.dcp' has been generated.
Command: phys_opt_design
Attempting to get a license for feature 'Implementation' and/or device 'xc7a35t'
INFO: [Common 17-349] Got license for feature 'Implementation' and/or device 'xc7a35t'

Starting Initial Update Timing Task

Time (s): cpu = 00:00:00.81 ; elapsed = 00:00:00.25 . Memory (MB): peak = 2922.941 ; gain = 0.000 ; free physical = 12543 ; free virtual = 22279
INFO: [Vivado_Tcl 4-2279] Estimated Timing Summary | WNS= 0.781 | TNS= 0.000 | 
INFO: [Vivado_Tcl 4-383] Design worst setup slack (WNS) is greater than or equal to 0.000 ns. All physical synthesis setup optimizations will be skipped.
INFO: [Vivado_Tcl 4-232] No setup violation found. The netlist was not modified.
INFO: [Common 17-83] Releasing license: Implementation
106 Infos, 0 Warnings, 0 Critical Warnings and 0 Errors encountered.
phys_opt_design completed successfully
INFO: [Timing 38-480] Writing timing data to binary archive.
Write ShapeDB Complete: Time (s): cpu = 00:00:00.03 ; elapsed = 00:00:00.01 . Memory (MB): peak = 2922.941 ; gain = 0.000 ; free physical = 12543 ; free virtual = 22280
Wrote PlaceDB: Time (s): cpu = 00:00:00.44 ; elapsed = 00:00:00.12 . Memory (MB): peak = 2922.941 ; gain = 0.000 ; free physical = 12529 ; free virtual = 22270
Wrote PulsedLatchDB: Time (s): cpu = 00:00:00 ; elapsed = 00:00:00 . Memory (MB): peak = 2922.941 ; gain = 0.000 ; free physical = 12529 ; free virtual = 22270
Writing XDEF routing.
Writing XDEF routing logical nets.
Writing XDEF routing special nets.
Wrote RouteStorage: Time (s): cpu = 00:00:00.04 ; elapsed = 00:00:00.01 . Memory (MB): peak = 2922.941 ; gain = 0.000 ; free physical = 12529 ; free virtual = 22271
Wrote Netlist Cache: Time (s): cpu = 00:00:00.01 ; elapsed = 00:00:00.01 . Memory (MB): peak = 2922.941 ; gain = 0.000 ; free physical = 12524 ; free virtual = 22267
Wrote Device Cache: Time (s): cpu = 00:00:00.01 ; elapsed = 00:00:00 . Memory (MB): peak = 2922.941 ; gain = 0.000 ; free physical = 12516 ; free virtual = 22259
Write Physdb Complete: Time (s): cpu = 00:00:00.51 ; elapsed = 00:00:00.14 . Memory (MB): peak = 2922.941 ; gain = 0.000 ; free physical = 12516 ; free virtual = 22259
INFO: [Common 17-1381] The checkpoint '/home/appletea/workspace_onedevice_2/SoC/project_1_LED/project_1_LED.runs/impl_1/design_1_LED_wrapper_physopt.dcp' has been generated.
Command: route_design
Attempting to get a license for feature 'Implementation' and/or device 'xc7a35t'
INFO: [Common 17-349] Got license for feature 'Implementation' and/or device 'xc7a35t'


Starting Routing Task
INFO: [Route 35-254] Multithreading enabled for route_design using a maximum of 8 CPUs

Phase 1 Build RT Design
Checksum: PlaceDB: 69df0b4e ConstDB: 0 ShapeSum: 17dc7688 RouteDB: a0815c57
Post Restoration Checksum: NetGraph: 5a132881 | NumContArr: 7263ca2a | Constraints: c2a8fa9d | Timing: c2a8fa9d
Phase 1 Build RT Design | Checksum: 251c8e7e5

Time (s): cpu = 00:00:10 ; elapsed = 00:00:08 . Memory (MB): peak = 2922.941 ; gain = 0.000 ; free physical = 12485 ; free virtual = 22225

Phase 2 Router Initialization

Phase 2.1 Fix Topology Constraints
Phase 2.1 Fix Topology Constraints | Checksum: 251c8e7e5

Time (s): cpu = 00:00:10 ; elapsed = 00:00:08 . Memory (MB): peak = 2922.941 ; gain = 0.000 ; free physical = 12485 ; free virtual = 22225

Phase 2.2 Pre Route Cleanup
Phase 2.2 Pre Route Cleanup | Checksum: 251c8e7e5

Time (s): cpu = 00:00:10 ; elapsed = 00:00:08 . Memory (MB): peak = 2922.941 ; gain = 0.000 ; free physical = 12485 ; free virtual = 22225
 Number of Nodes with overlaps = 0

Phase 2.3 Update Timing
Phase 2.3 Update Timing | Checksum: 1c72124c0

Time (s): cpu = 00:00:12 ; elapsed = 00:00:09 . Memory (MB): peak = 2922.941 ; gain = 0.000 ; free physical = 12471 ; free virtual = 22211
INFO: [Route 35-416] Intermediate Timing Summary | WNS=1.057  | TNS=0.000  | WHS=-0.239 | THS=-38.642|


Router Utilization Summary
  Global Vertical Routing Utilization    = 0.00366738 %
  Global Horizontal Routing Utilization  = 0.00117126 %
  Routable Net Status*
  *Does not include unroutable nets such as driverless and loadless.
  Run report_route_status for detailed report.
  Number of Failed Nets               = 4087
    (Failed Nets is the sum of unrouted and partially routed nets)
  Number of Unrouted Nets             = 4087
  Number of Partially Routed Nets     = 0
  Number of Node Overlaps             = 0

Phase 2 Router Initialization | Checksum: 26afd2fc4

Time (s): cpu = 00:00:12 ; elapsed = 00:00:09 . Memory (MB): peak = 2922.941 ; gain = 0.000 ; free physical = 12467 ; free virtual = 22207

Phase 3 Global Routing
Phase 3 Global Routing | Checksum: 26afd2fc4

Time (s): cpu = 00:00:12 ; elapsed = 00:00:09 . Memory (MB): peak = 2922.941 ; gain = 0.000 ; free physical = 12467 ; free virtual = 22207

Phase 4 Initial Routing

Phase 4.1 Initial Net Routing Pass
Phase 4.1 Initial Net Routing Pass | Checksum: 271563fcd

Time (s): cpu = 00:00:16 ; elapsed = 00:00:10 . Memory (MB): peak = 2949.930 ; gain = 26.988 ; free physical = 12371 ; free virtual = 22110
Phase 4 Initial Routing | Checksum: 271563fcd

Time (s): cpu = 00:00:16 ; elapsed = 00:00:10 . Memory (MB): peak = 2949.930 ; gain = 26.988 ; free physical = 12371 ; free virtual = 22110

Phase 5 Rip-up And Reroute

Phase 5.1 Global Iteration 0
 Number of Nodes with overlaps = 667
 Number of Nodes with overlaps = 123
 Number of Nodes with overlaps = 62
 Number of Nodes with overlaps = 32
 Number of Nodes with overlaps = 18
 Number of Nodes with overlaps = 11
 Number of Nodes with overlaps = 7
 Number of Nodes with overlaps = 2
 Number of Nodes with overlaps = 0
INFO: [Route 35-416] Intermediate Timing Summary | WNS=0.965  | TNS=0.000  | WHS=N/A    | THS=N/A    |

Phase 5.1 Global Iteration 0 | Checksum: 25606ca00

Time (s): cpu = 00:00:20 ; elapsed = 00:00:12 . Memory (MB): peak = 2949.930 ; gain = 26.988 ; free physical = 12371 ; free virtual = 22110

Phase 5.2 Global Iteration 1
 Number of Nodes with overlaps = 4
 Number of Nodes with overlaps = 1
 Number of Nodes with overlaps = 0
INFO: [Route 35-416] Intermediate Timing Summary | WNS=0.965  | TNS=0.000  | WHS=N/A    | THS=N/A    |

Phase 5.2 Global Iteration 1 | Checksum: 1d291f713

Time (s): cpu = 00:00:20 ; elapsed = 00:00:12 . Memory (MB): peak = 2949.930 ; gain = 26.988 ; free physical = 12371 ; free virtual = 22110
Phase 5 Rip-up And Reroute | Checksum: 1d291f713

Time (s): cpu = 00:00:20 ; elapsed = 00:00:12 . Memory (MB): peak = 2949.930 ; gain = 26.988 ; free physical = 12371 ; free virtual = 22110

Phase 6 Delay and Skew Optimization

Phase 6.1 Delay CleanUp

Phase 6.1.1 Update Timing
Phase 6.1.1 Update Timing | Checksum: 2280de918

Time (s): cpu = 00:00:21 ; elapsed = 00:00:12 . Memory (MB): peak = 2949.930 ; gain = 26.988 ; free physical = 12370 ; free virtual = 22110
INFO: [Route 35-416] Intermediate Timing Summary | WNS=1.044  | TNS=0.000  | WHS=N/A    | THS=N/A    |

Phase 6.1 Delay CleanUp | Checksum: 2280de918

Time (s): cpu = 00:00:21 ; elapsed = 00:00:12 . Memory (MB): peak = 2949.930 ; gain = 26.988 ; free physical = 12370 ; free virtual = 22110

Phase 6.2 Clock Skew Optimization
Phase 6.2 Clock Skew Optimization | Checksum: 2280de918

Time (s): cpu = 00:00:21 ; elapsed = 00:00:12 . Memory (MB): peak = 2949.930 ; gain = 26.988 ; free physical = 12370 ; free virtual = 22110
Phase 6 Delay and Skew Optimization | Checksum: 2280de918

Time (s): cpu = 00:00:21 ; elapsed = 00:00:12 . Memory (MB): peak = 2949.930 ; gain = 26.988 ; free physical = 12370 ; free virtual = 22110

Phase 7 Post Hold Fix

Phase 7.1 Hold Fix Iter
INFO: [Route 35-416] Intermediate Timing Summary | WNS=1.044  | TNS=0.000  | WHS=0.038  | THS=0.000  |

Phase 7.1 Hold Fix Iter | Checksum: 217adfe02

Time (s): cpu = 00:00:21 ; elapsed = 00:00:13 . Memory (MB): peak = 2949.930 ; gain = 26.988 ; free physical = 12370 ; free virtual = 22110
Phase 7 Post Hold Fix | Checksum: 217adfe02

Time (s): cpu = 00:00:21 ; elapsed = 00:00:13 . Memory (MB): peak = 2949.930 ; gain = 26.988 ; free physical = 12370 ; free virtual = 22110

Phase 8 Route finalize

Router Utilization Summary
  Global Vertical Routing Utilization    = 1.78713 %
  Global Horizontal Routing Utilization  = 2.05596 %
  Routable Net Status*
  *Does not include unroutable nets such as driverless and loadless.
  Run report_route_status for detailed report.
  Number of Failed Nets               = 0
    (Failed Nets is the sum of unrouted and partially routed nets)
  Number of Unrouted Nets             = 0
  Number of Partially Routed Nets     = 0
  Number of Node Overlaps             = 0

Phase 8 Route finalize | Checksum: 217adfe02

Time (s): cpu = 00:00:21 ; elapsed = 00:00:13 . Memory (MB): peak = 2949.930 ; gain = 26.988 ; free physical = 12370 ; free virtual = 22110

Phase 9 Verifying routed nets

 Verification completed successfully
Phase 9 Verifying routed nets | Checksum: 217adfe02

Time (s): cpu = 00:00:21 ; elapsed = 00:00:13 . Memory (MB): peak = 2949.930 ; gain = 26.988 ; free physical = 12370 ; free virtual = 22110

Phase 10 Depositing Routes
Phase 10 Depositing Routes | Checksum: 1bae7937a

Time (s): cpu = 00:00:21 ; elapsed = 00:00:13 . Memory (MB): peak = 2949.930 ; gain = 26.988 ; free physical = 12370 ; free virtual = 22110

Phase 11 Post Process Routing
Phase 11 Post Process Routing | Checksum: 1bae7937a

Time (s): cpu = 00:00:22 ; elapsed = 00:00:13 . Memory (MB): peak = 2949.930 ; gain = 26.988 ; free physical = 12370 ; free virtual = 22110

Phase 12 Post Router Timing
INFO: [Route 35-57] Estimated Timing Summary | WNS=1.044  | TNS=0.000  | WHS=0.038  | THS=0.000  |

INFO: [Route 35-327] The final timing numbers are based on the router estimated timing analysis. For a complete and accurate timing signoff, please run report_timing_summary.
Phase 12 Post Router Timing | Checksum: 1bae7937a

Time (s): cpu = 00:00:22 ; elapsed = 00:00:13 . Memory (MB): peak = 2949.930 ; gain = 26.988 ; free physical = 12370 ; free virtual = 22110
Total Elapsed time in route_design: 12.73 secs

Phase 13 Post-Route Event Processing
Phase 13 Post-Route Event Processing | Checksum: 20325781b

Time (s): cpu = 00:00:22 ; elapsed = 00:00:13 . Memory (MB): peak = 2949.930 ; gain = 26.988 ; free physical = 12370 ; free virtual = 22110
INFO: [Route 35-16] Router Completed Successfully
Ending Routing Task | Checksum: 20325781b

Time (s): cpu = 00:00:22 ; elapsed = 00:00:13 . Memory (MB): peak = 2949.930 ; gain = 26.988 ; free physical = 12370 ; free virtual = 22110

Routing Is Done.
INFO: [Common 17-83] Releasing license: Implementation
119 Infos, 0 Warnings, 0 Critical Warnings and 0 Errors encountered.
route_design completed successfully
route_design: Time (s): cpu = 00:00:22 ; elapsed = 00:00:13 . Memory (MB): peak = 2949.930 ; gain = 26.988 ; free physical = 12370 ; free virtual = 22110
INFO: [Vivado 12-24828] Executing command : report_drc -file design_1_LED_wrapper_drc_routed.rpt -pb design_1_LED_wrapper_drc_routed.pb -rpx design_1_LED_wrapper_drc_routed.rpx
Command: report_drc -file design_1_LED_wrapper_drc_routed.rpt -pb design_1_LED_wrapper_drc_routed.pb -rpx design_1_LED_wrapper_drc_routed.rpx
INFO: [IP_Flow 19-1839] IP Catalog is up to date.
INFO: [DRC 23-27] Running DRC with 8 threads
INFO: [Vivado_Tcl 2-168] The results of DRC are in file /home/appletea/workspace_onedevice_2/SoC/project_1_LED/project_1_LED.runs/impl_1/design_1_LED_wrapper_drc_routed.rpt.
report_drc completed successfully
INFO: [Vivado 12-24828] Executing command : report_methodology -file design_1_LED_wrapper_methodology_drc_routed.rpt -pb design_1_LED_wrapper_methodology_drc_routed.pb -rpx design_1_LED_wrapper_methodology_drc_routed.rpx
Command: report_methodology -file design_1_LED_wrapper_methodology_drc_routed.rpt -pb design_1_LED_wrapper_methodology_drc_routed.pb -rpx design_1_LED_wrapper_methodology_drc_routed.rpx
INFO: [Timing 38-35] Done setting XDC timing constraints.
INFO: [DRC 23-133] Running Methodology with 8 threads
INFO: [Vivado_Tcl 2-1520] The results of Report Methodology are in file /home/appletea/workspace_onedevice_2/SoC/project_1_LED/project_1_LED.runs/impl_1/design_1_LED_wrapper_methodology_drc_routed.rpt.
report_methodology completed successfully
INFO: [Vivado 12-24828] Executing command : report_timing_summary -max_paths 10 -report_unconstrained -file design_1_LED_wrapper_timing_summary_routed.rpt -pb design_1_LED_wrapper_timing_summary_routed.pb -rpx design_1_LED_wrapper_timing_summary_routed.rpx -warn_on_violation 
INFO: [Timing 38-35] Done setting XDC timing constraints.
INFO: [Timing 38-91] UpdateTimingParams: Speed grade: -1, Delay Type: min_max.
INFO: [Timing 38-191] Multithreading enabled for timing update using a maximum of 8 CPUs
INFO: [Vivado 12-24838] Running report commands "report_bus_skew, report_incremental_reuse, report_route_status" in parallel.
Running report generation with 3 threads.
INFO: [Vivado 12-24828] Executing command : report_incremental_reuse -file design_1_LED_wrapper_incremental_reuse_routed.rpt
INFO: [Vivado_Tcl 4-1062] Incremental flow is disabled. No incremental reuse Info to report.
INFO: [Vivado 12-24828] Executing command : report_route_status -file design_1_LED_wrapper_route_status.rpt -pb design_1_LED_wrapper_route_status.pb
INFO: [Vivado 12-24828] Executing command : report_bus_skew -warn_on_violation -file design_1_LED_wrapper_bus_skew_routed.rpt -pb design_1_LED_wrapper_bus_skew_routed.pb -rpx design_1_LED_wrapper_bus_skew_routed.rpx
INFO: [Timing 38-91] UpdateTimingParams: Speed grade: -1, Delay Type: min_max.
INFO: [Timing 38-191] Multithreading enabled for timing update using a maximum of 8 CPUs
INFO: [Vivado 12-24828] Executing command : report_power -file design_1_LED_wrapper_power_routed.rpt -pb design_1_LED_wrapper_power_summary_routed.pb -rpx design_1_LED_wrapper_power_routed.rpx
Command: report_power -file design_1_LED_wrapper_power_routed.rpt -pb design_1_LED_wrapper_power_summary_routed.pb -rpx design_1_LED_wrapper_power_routed.rpx
Running Vector-less Activity Propagation...

Finished Running Vector-less Activity Propagation
WARNING: [Power 33-332] Found switching activity that implies high-fanout reset nets being asserted for excessive periods of time which may result in inaccurate power analysis.
Resolution: To review and fix problems, please run Power Constraints Advisor in the GUI from Tools > Power Constraints Advisor or run report_power with the -advisory option to generate a text report.
139 Infos, 1 Warnings, 0 Critical Warnings and 0 Errors encountered.
report_power completed successfully
INFO: [Vivado 12-24828] Executing command : report_clock_utilization -file design_1_LED_wrapper_clock_utilization_routed.rpt
INFO: [Timing 38-480] Writing timing data to binary archive.
Write ShapeDB Complete: Time (s): cpu = 00:00:00.03 ; elapsed = 00:00:00.01 . Memory (MB): peak = 3057.520 ; gain = 0.000 ; free physical = 12356 ; free virtual = 22098
Wrote PlaceDB: Time (s): cpu = 00:00:00.44 ; elapsed = 00:00:00.13 . Memory (MB): peak = 3057.520 ; gain = 0.000 ; free physical = 12353 ; free virtual = 22100
Wrote PulsedLatchDB: Time (s): cpu = 00:00:00 ; elapsed = 00:00:00 . Memory (MB): peak = 3057.520 ; gain = 0.000 ; free physical = 12353 ; free virtual = 22100
Writing XDEF routing.
Writing XDEF routing logical nets.
Writing XDEF routing special nets.
Wrote RouteStorage: Time (s): cpu = 00:00:00.1 ; elapsed = 00:00:00.02 . Memory (MB): peak = 3057.520 ; gain = 0.000 ; free physical = 12353 ; free virtual = 22100
Wrote Netlist Cache: Time (s): cpu = 00:00:00.02 ; elapsed = 00:00:00.01 . Memory (MB): peak = 3057.520 ; gain = 0.000 ; free physical = 12353 ; free virtual = 22101
Wrote Device Cache: Time (s): cpu = 00:00:00.01 ; elapsed = 00:00:00 . Memory (MB): peak = 3057.520 ; gain = 0.000 ; free physical = 12353 ; free virtual = 22101
Write Physdb Complete: Time (s): cpu = 00:00:00.57 ; elapsed = 00:00:00.17 . Memory (MB): peak = 3057.520 ; gain = 0.000 ; free physical = 12353 ; free virtual = 22101
INFO: [Common 17-1381] The checkpoint '/home/appletea/workspace_onedevice_2/SoC/project_1_LED/project_1_LED.runs/impl_1/design_1_LED_wrapper_routed.dcp' has been generated.
INFO: [Common 17-206] Exiting Vivado at Fri Apr  3 02:13:48 2026...

*** Running vivado
    with args -log design_1_LED_wrapper.vdi -applog -m64 -product Vivado -messageDb vivado.pb -mode batch -source design_1_LED_wrapper.tcl -notrace


****** Vivado v2024.2 (64-bit)
  **** SW Build 5239630 on Fri Nov 08 22:34:34 MST 2024
  **** IP Build 5239520 on Sun Nov 10 16:12:51 MST 2024
  **** SharedData Build 5239561 on Fri Nov 08 14:39:27 MST 2024
  **** Start of session at: Fri Apr  3 02:13:56 2026
    ** Copyright 1986-2022 Xilinx, Inc. All Rights Reserved.
    ** Copyright 2022-2024 Advanced Micro Devices, Inc. All Rights Reserved.

source design_1_LED_wrapper.tcl -notrace
Command: open_checkpoint design_1_LED_wrapper_routed.dcp
INFO: [Device 21-403] Loading part xc7a35tcpg236-1
Netlist sorting complete. Time (s): cpu = 00:00:00.08 ; elapsed = 00:00:00.09 . Memory (MB): peak = 1443.504 ; gain = 0.000 ; free physical = 13634 ; free virtual = 23379
INFO: [Netlist 29-17] Analyzing 191 Unisim elements for replacement
INFO: [Netlist 29-28] Unisim Transformation completed in 0 CPU seconds
INFO: [Project 1-479] Netlist was created with Vivado 2024.2
INFO: [Project 1-570] Preparing netlist for logic optimization
Read ShapeDB Complete: Time (s): cpu = 00:00:00.01 ; elapsed = 00:00:00 . Memory (MB): peak = 1532.254 ; gain = 1.000 ; free physical = 13548 ; free virtual = 23293
INFO: [Timing 38-478] Restoring timing data from binary archive.
INFO: [Timing 38-479] Binary timing data restore complete.
INFO: [Project 1-856] Restoring constraints from binary archive.
INFO: [Project 1-853] Binary constraint restore complete.
INFO: [Designutils 20-5722] Start Reading Physical Databases.
Reading placement.
Read Netlist Cache: Time (s): cpu = 00:00:00 ; elapsed = 00:00:00.01 . Memory (MB): peak = 2148.121 ; gain = 0.000 ; free physical = 13047 ; free virtual = 22792
Reading placer database...
Read Device Cache: Time (s): cpu = 00:00:00.01 ; elapsed = 00:00:00 . Memory (MB): peak = 2148.121 ; gain = 0.000 ; free physical = 13047 ; free virtual = 22792
Read PlaceDB: Time (s): cpu = 00:00:00.07 ; elapsed = 00:00:00.08 . Memory (MB): peak = 2148.121 ; gain = 0.000 ; free physical = 13047 ; free virtual = 22792
Read PulsedLatchDB: Time (s): cpu = 00:00:00 ; elapsed = 00:00:00 . Memory (MB): peak = 2148.121 ; gain = 0.000 ; free physical = 13047 ; free virtual = 22792
Reading routing.
Read RouteStorage: Time (s): cpu = 00:00:00.07 ; elapsed = 00:00:00.02 . Memory (MB): peak = 2148.121 ; gain = 0.000 ; free physical = 13047 ; free virtual = 22792
Read Physdb Files: Time (s): cpu = 00:00:00.15 ; elapsed = 00:00:00.12 . Memory (MB): peak = 2148.121 ; gain = 0.000 ; free physical = 13047 ; free virtual = 22792
Restored from archive | CPU: 0.180000 secs | Memory: 6.920578 MB |
Finished XDEF File Restore: Time (s): cpu = 00:00:00.17 ; elapsed = 00:00:00.14 . Memory (MB): peak = 2148.121 ; gain = 5.938 ; free physical = 13047 ; free virtual = 22792
Netlist sorting complete. Time (s): cpu = 00:00:00 ; elapsed = 00:00:00 . Memory (MB): peak = 2148.121 ; gain = 0.000 ; free physical = 13047 ; free virtual = 22792
INFO: [Project 1-111] Unisim Transformation Summary:
  A total of 63 instances were transformed.
  LUT6_2 => LUT6_2 (LUT5, LUT6): 47 instances
  RAM32M => RAM32M (RAMD32(x6), RAMS32(x2)): 16 instances

INFO: [Project 1-604] Checkpoint was created with Vivado v2024.2 (64-bit) build 5239630
open_checkpoint: Time (s): cpu = 00:00:06 ; elapsed = 00:00:06 . Memory (MB): peak = 2148.121 ; gain = 704.645 ; free physical = 13047 ; free virtual = 22792
Command: write_bitstream -force design_1_LED_wrapper.bit
Attempting to get a license for feature 'Implementation' and/or device 'xc7a35t'
INFO: [Common 17-349] Got license for feature 'Implementation' and/or device 'xc7a35t'
Running DRC as a precondition to command write_bitstream
INFO: [IP_Flow 19-234] Refreshing IP repositories
INFO: [IP_Flow 19-1704] No user IP repositories specified
INFO: [IP_Flow 19-2313] Loaded Vivado IP repository '/opt/Xilinx/Vivado/2024.2/data/ip'.
INFO: [DRC 23-27] Running DRC with 8 threads
INFO: [Vivado 12-3199] DRC finished with 0 Errors
INFO: [Vivado 12-3200] Please refer to the DRC report (report_drc) for more information.
INFO: [Designutils 20-2272] Running write_bitstream with 8 threads.
Loading data files...
Loading site data...
Loading route data...
Processing options...
Creating bitmap...
Creating bitstream...
Writing bitstream ./design_1_LED_wrapper.bit...
INFO: [Vivado 12-1842] Bitgen Completed Successfully.
INFO: [Project 1-1876] WebTalk data collection is mandatory when using a ULT device. To see the specific WebTalk data collected for your design, open the usage_statistics_webtalk.html or usage_statistics_webtalk.xml file in the implementation directory.
INFO: [Common 17-83] Releasing license: Implementation
23 Infos, 0 Warnings, 0 Critical Warnings and 0 Errors encountered.
write_bitstream completed successfully
write_bitstream: Time (s): cpu = 00:00:14 ; elapsed = 00:00:15 . Memory (MB): peak = 2695.688 ; gain = 547.566 ; free physical = 12737 ; free virtual = 22485
INFO: [Common 17-206] Exiting Vivado at Fri Apr  3 02:14:18 2026...
