Copyright 1986-2022 Xilinx, Inc. All Rights Reserved. Copyright 2022-2024 Advanced Micro Devices, Inc. All Rights Reserved.
---------------------------------------------------------------------------------------------------------------------------------------------
| Tool Version : Vivado v.2024.2 (lin64) Build 5239630 Fri Nov 08 22:34:34 MST 2024
| Date         : Fri Apr  3 11:39:03 2026
| Host         : Appletea running 64-bit Ubuntu 24.04.4 LTS
| Command      : report_control_sets -verbose -file design_1_BUTTON_wrapper_control_sets_placed.rpt
| Design       : design_1_BUTTON_wrapper
| Device       : xc7a35t
---------------------------------------------------------------------------------------------------------------------------------------------

Control Set Information

Table of Contents
-----------------
1. Summary
2. Histogram
3. Flip-Flop Distribution
4. Detailed Control Set Information

1. Summary
----------

+----------------------------------------------------------+-------+
|                          Status                          | Count |
+----------------------------------------------------------+-------+
| Total control sets                                       |   143 |
|    Minimum number of control sets                        |   143 |
|    Addition due to synthesis replication                 |     0 |
|    Addition due to physical synthesis replication        |     0 |
| Unused register locations in slices containing registers |   590 |
+----------------------------------------------------------+-------+
* Control sets can be merged at opt_design using control_set_merge or merge_equivalent_drivers
** Run report_qor_suggestions for automated merging and remapping suggestions


2. Histogram
------------

+--------------------+-------+
|       Fanout       | Count |
+--------------------+-------+
| Total control sets |   143 |
| >= 0 to < 4        |    64 |
| >= 4 to < 6        |    18 |
| >= 6 to < 8        |     5 |
| >= 8 to < 10       |     7 |
| >= 10 to < 12      |     2 |
| >= 12 to < 14      |     0 |
| >= 14 to < 16      |     1 |
| >= 16              |    46 |
+--------------------+-------+
* Control sets can be remapped at either synth_design or opt_design


3. Flip-Flop Distribution
-------------------------

+--------------+-----------------------+------------------------+-----------------+--------------+
| Clock Enable | Synchronous Set/Reset | Asynchronous Set/Reset | Total Registers | Total Slices |
+--------------+-----------------------+------------------------+-----------------+--------------+
| No           | No                    | No                     |             344 |          107 |
| No           | No                    | Yes                    |              81 |           30 |
| No           | Yes                   | No                     |             352 |          123 |
| Yes          | No                    | No                     |             370 |          102 |
| Yes          | No                    | Yes                    |               7 |            5 |
| Yes          | Yes                   | No                     |             936 |          330 |
+--------------+-----------------------+------------------------+-----------------+--------------+


4. Detailed Control Set Information
-----------------------------------

+---------------------------------------------------------------------------------------------------------+--------------------------------------------------------------------------------------------------------------------------------------------------------------------------------------+------------------------------------------------------------------------------------------------------------------------------------------------+------------------+----------------+--------------+
|                                               Clock Signal                                              |                                                                                     Enable Signal                                                                                    |                                                                Set/Reset Signal                                                                | Slice Load Count | Bel Load Count | Bels / Slice |
+---------------------------------------------------------------------------------------------------------+--------------------------------------------------------------------------------------------------------------------------------------------------------------------------------------+------------------------------------------------------------------------------------------------------------------------------------------------+------------------+----------------+--------------+
|  design_1_BUTTON_i/clk_wiz/inst/clk_out1                                                                |                                                                                                                                                                                      | design_1_BUTTON_i/axi_smc/inst/switchboards/i_nodes/i_aw_node/inst/s_sc_areset_pipe                                                            |                1 |              1 |         1.00 |
|  design_1_BUTTON_i/clk_wiz/inst/clk_out1                                                                |                                                                                                                                                                                      | design_1_BUTTON_i/axi_smc/inst/m01_nodes/m01_w_node/inst/s_sc_areset_pipe                                                                      |                1 |              1 |         1.00 |
|  design_1_BUTTON_i/clk_wiz/inst/clk_out1                                                                |                                                                                                                                                                                      | design_1_BUTTON_i/axi_smc/inst/switchboards/i_nodes/i_b_node/inst/s_sc_areset_pipe                                                             |                1 |              1 |         1.00 |
|  design_1_BUTTON_i/clk_wiz/inst/clk_out1                                                                |                                                                                                                                                                                      | design_1_BUTTON_i/axi_smc/inst/m00_nodes/m00_ar_node/inst/s_sc_areset_pipe                                                                     |                1 |              1 |         1.00 |
|  design_1_BUTTON_i/clk_wiz/inst/clk_out1                                                                | design_1_BUTTON_i/microblaze_riscv_0/U0/riscv_core_I/Base.Core/Decode_I/Use_Trigger.tdata1_all[0][dmode]                                                                             | design_1_BUTTON_i/microblaze_riscv_0/U0/riscv_core_I/sync_reset                                                                                |                1 |              1 |         1.00 |
|  design_1_BUTTON_i/clk_wiz/inst/clk_out1                                                                |                                                                                                                                                                                      | design_1_BUTTON_i/axi_smc/inst/m00_nodes/m00_b_node/inst/s_sc_areset_pipe                                                                      |                1 |              1 |         1.00 |
|  design_1_BUTTON_i/clk_wiz/inst/clk_out1                                                                |                                                                                                                                                                                      | design_1_BUTTON_i/axi_smc/inst/m00_nodes/m00_aw_node/inst/s_sc_areset_pipe                                                                     |                1 |              1 |         1.00 |
|  design_1_BUTTON_i/clk_wiz/inst/clk_out1                                                                | design_1_BUTTON_i/microblaze_riscv_0/U0/riscv_core_I/Base.Core/Decode_I/status[TSR]0                                                                                                 | design_1_BUTTON_i/microblaze_riscv_0/U0/riscv_core_I/Base.Core/Decode_I/mem_PipeRun_carry_and/MUXCY_I/Use_Async_Reset.sync_reset_reg           |                1 |              1 |         1.00 |
|  design_1_BUTTON_i/clk_wiz/inst/clk_out1                                                                |                                                                                                                                                                                      | design_1_BUTTON_i/axi_smc/inst/s00_nodes/s00_b_node/inst/s_sc_areset_pipe                                                                      |                1 |              1 |         1.00 |
|  design_1_BUTTON_i/clk_wiz/inst/clk_out1                                                                |                                                                                                                                                                                      | design_1_BUTTON_i/axi_smc/inst/s00_nodes/s00_aw_node/inst/s_sc_areset_pipe                                                                     |                1 |              1 |         1.00 |
|  design_1_BUTTON_i/clk_wiz/inst/clk_out1                                                                |                                                                                                                                                                                      | design_1_BUTTON_i/microblaze_riscv_0/U0/riscv_core_I/Base.Core/Use_Debug_Logic.Master_Core.Debug_Perf/Serial_Dbg_Intf.capture_1                |                1 |              1 |         1.00 |
|  design_1_BUTTON_i/clk_wiz/inst/clk_out1                                                                |                                                                                                                                                                                      | design_1_BUTTON_i/axi_smc/inst/s00_nodes/s00_ar_node/inst/s_sc_areset_pipe                                                                     |                1 |              1 |         1.00 |
|  design_1_BUTTON_i/clk_wiz/inst/clk_out1                                                                |                                                                                                                                                                                      | design_1_BUTTON_i/axi_smc/inst/switchboards/i_nodes/i_ar_node/inst/s_sc_areset_pipe                                                            |                1 |              1 |         1.00 |
|  design_1_BUTTON_i/mdm_1/U0/MDM_Core_I1/JTAG_CONTROL_I/Test_Access_Port.BUFG_UPDATE/Using_FPGA.Native_0 | design_1_BUTTON_i/microblaze_riscv_0/U0/riscv_core_I/Base.Core/Use_Debug_Logic.Master_Core.Debug_Perf/Serial_Dbg_Intf.single_step_TClk_i_1_n_0                                       | design_1_BUTTON_i/microblaze_riscv_0/U0/riscv_core_I/Base.Core/Use_Debug_Logic.Master_Core.Debug_Perf/Functional_Reset                         |                1 |              1 |         1.00 |
|  design_1_BUTTON_i/mdm_1/U0/MDM_Core_I1/JTAG_CONTROL_I/Test_Access_Port.BUFG_UPDATE/Using_FPGA.Native_0 |                                                                                                                                                                                      | design_1_BUTTON_i/microblaze_riscv_0/U0/riscv_core_I/Base.Core/Use_Debug_Logic.Master_Core.Debug_Perf/continue_from_brk_reg_0                  |                1 |              1 |         1.00 |
|  design_1_BUTTON_i/mdm_1/U0/MDM_Core_I1/JTAG_CONTROL_I/Test_Access_Port.BUFG_UPDATE/Using_FPGA.Native_0 |                                                                                                                                                                                      | design_1_BUTTON_i/microblaze_riscv_0/U0/riscv_core_I/Base.Core/Use_Debug_Logic.Master_Core.Debug_Perf/Functional_Reset22_out                   |                1 |              1 |         1.00 |
|  design_1_BUTTON_i/mdm_1/U0/MDM_Core_I1/JTAG_CONTROL_I/Test_Access_Port.BUFG_UPDATE/Using_FPGA.Native_0 |                                                                                                                                                                                      | design_1_BUTTON_i/microblaze_riscv_0/U0/riscv_core_I/Base.Core/Decode_I/Functional_Reset                                                       |                1 |              1 |         1.00 |
|  design_1_BUTTON_i/clk_wiz/inst/clk_out1                                                                |                                                                                                                                                                                      | design_1_BUTTON_i/axi_smc/inst/s00_nodes/s00_w_node/inst/s_sc_areset_pipe                                                                      |                1 |              1 |         1.00 |
|  design_1_BUTTON_i/clk_wiz/inst/clk_out1                                                                |                                                                                                                                                                                      | design_1_BUTTON_i/axi_smc/inst/s00_nodes/s00_r_node/inst/s_sc_areset_pipe                                                                      |                1 |              1 |         1.00 |
|  design_1_BUTTON_i/mdm_1/U0/MDM_Core_I1/JTAG_CONTROL_I/Test_Access_Port.BUFG_UPDATE/Using_FPGA.Native_0 | design_1_BUTTON_i/microblaze_riscv_0/U0/riscv_core_I/Base.Core/Use_Debug_Logic.Master_Core.Debug_Perf/Serial_Dbg_Intf.single_step_TClk_i_1_n_0                                       | design_1_BUTTON_i/microblaze_riscv_0/U0/riscv_core_I/Base.Core/Use_Debug_Logic.Master_Core.Debug_Perf/start_single_step_reg_0                  |                1 |              1 |         1.00 |
|  design_1_BUTTON_i/clk_wiz/inst/clk_out1                                                                |                                                                                                                                                                                      | design_1_BUTTON_i/axi_smc/inst/m01_nodes/m01_ar_node/inst/s_sc_areset_pipe                                                                     |                1 |              1 |         1.00 |
|  design_1_BUTTON_i/clk_wiz/inst/clk_out1                                                                |                                                                                                                                                                                      | design_1_BUTTON_i/axi_smc/inst/m00_nodes/m00_w_node/inst/s_sc_areset_pipe                                                                      |                1 |              1 |         1.00 |
|  design_1_BUTTON_i/clk_wiz/inst/clk_out1                                                                | design_1_BUTTON_i/microblaze_riscv_0/U0/riscv_core_I/Base.Core/Decode_I/jump_logic_I1/MUXCY_JUMP_CARRY4/lopt_3                                                                       | design_1_BUTTON_i/microblaze_riscv_0/U0/riscv_core_I/Base.Core/Decode_I/Use_MuxCy[3].OF_Piperun_Stage/MUXCY_I/lopt_4                           |                1 |              1 |         1.00 |
|  design_1_BUTTON_i/clk_wiz/inst/clk_out1                                                                | design_1_BUTTON_i/microblaze_riscv_0/U0/riscv_core_I/Base.Core/Decode_I/jump_logic_I1/MUXCY_JUMP_CARRY4/lopt_3                                                                       | design_1_BUTTON_i/microblaze_riscv_0/U0/riscv_core_I/Base.Core/Decode_I/Use_MuxCy[5].OF_Piperun_Stage/MUXCY_I/ex_bt_hit_hold                   |                1 |              1 |         1.00 |
|  design_1_BUTTON_i/clk_wiz/inst/clk_out1                                                                |                                                                                                                                                                                      | design_1_BUTTON_i/axi_smc/inst/switchboards/i_nodes/i_w_node/inst/s_sc_areset_pipe                                                             |                1 |              1 |         1.00 |
|  design_1_BUTTON_i/mdm_1/U0/MDM_Core_I1/JTAG_CONTROL_I/Test_Access_Port.BUFG_UPDATE/Using_FPGA.Native_0 | design_1_BUTTON_i/microblaze_riscv_0/U0/riscv_core_I/Base.Core/Use_Debug_Logic.Master_Core.Debug_Perf/p_96_in                                                                        | design_1_BUTTON_i/microblaze_riscv_0/U0/riscv_core_I/Base.Core/Use_Debug_Logic.Master_Core.Debug_Perf/register_read_cmd                        |                1 |              1 |         1.00 |
|  design_1_BUTTON_i/mdm_1/U0/MDM_Core_I1/JTAG_CONTROL_I/Test_Access_Port.BUFG_UPDATE/Using_FPGA.Native_0 | design_1_BUTTON_i/microblaze_riscv_0/U0/riscv_core_I/Base.Core/Use_Debug_Logic.Master_Core.Debug_Perf/p_96_in                                                                        | design_1_BUTTON_i/microblaze_riscv_0/U0/riscv_core_I/Base.Core/Use_Debug_Logic.Master_Core.Debug_Perf/Serial_Dbg_Intf.register_write_cmd_reg_0 |                1 |              1 |         1.00 |
|  design_1_BUTTON_i/clk_wiz/inst/clk_out1                                                                |                                                                                                                                                                                      | design_1_BUTTON_i/axi_smc/inst/m01_nodes/m01_r_node/inst/s_sc_areset_pipe                                                                      |                1 |              1 |         1.00 |
|  design_1_BUTTON_i/clk_wiz/inst/clk_out1                                                                |                                                                                                                                                                                      | design_1_BUTTON_i/axi_smc/inst/switchboards/i_nodes/i_r_node/inst/s_sc_areset_pipe                                                             |                1 |              1 |         1.00 |
|  design_1_BUTTON_i/clk_wiz/inst/clk_out1                                                                |                                                                                                                                                                                      | design_1_BUTTON_i/axi_smc/inst/m01_nodes/m01_aw_node/inst/s_sc_areset_pipe                                                                     |                1 |              1 |         1.00 |
|  design_1_BUTTON_i/clk_wiz/inst/clk_out1                                                                |                                                                                                                                                                                      | design_1_BUTTON_i/axi_smc/inst/m01_nodes/m01_b_node/inst/s_sc_areset_pipe                                                                      |                1 |              1 |         1.00 |
| ~design_1_BUTTON_i/mdm_1/U0/Use_E2.BSCAN_I/tck_BUFG                                                     |                                                                                                                                                                                      |                                                                                                                                                |                1 |              1 |         1.00 |
|  design_1_BUTTON_i/clk_wiz/inst/clk_out1                                                                |                                                                                                                                                                                      | design_1_BUTTON_i/axi_smc/inst/m00_nodes/m00_r_node/inst/s_sc_areset_pipe                                                                      |                1 |              1 |         1.00 |
|  design_1_BUTTON_i/mdm_1/U0/Use_E2.BSCAN_I/tck_BUFG                                                     |                                                                                                                                                                                      | design_1_BUTTON_i/mdm_1/U0/Use_E2.BSCAN_I/Use_E2.BSCANE2_I_0                                                                                   |                1 |              2 |         2.00 |
|  design_1_BUTTON_i/clk_wiz/inst/clk_out1                                                                | design_1_BUTTON_i/microblaze_riscv_0/U0/riscv_core_I/Base.Core/Decode_I/Use_Counters.mcountinhibit_reg[CY]0                                                                          | design_1_BUTTON_i/microblaze_riscv_0/U0/riscv_core_I/sync_reset                                                                                |                1 |              2 |         2.00 |
|  design_1_BUTTON_i/clk_wiz/inst/clk_out1                                                                | design_1_BUTTON_i/microblaze_riscv_0/U0/riscv_core_I/Base.Core/Decode_I/Use_Trigger.tdata1_all[0][dmode]1                                                                            | design_1_BUTTON_i/microblaze_riscv_0/U0/riscv_core_I/sync_reset                                                                                |                1 |              2 |         2.00 |
| ~design_1_BUTTON_i/mdm_1/U0/Use_JTAG_BSCAN.BUFG_JTAG_TCK/Use_JTAG_BSCAN.tck_int                         |                                                                                                                                                                                      |                                                                                                                                                |                1 |              3 |         3.00 |
|  design_1_BUTTON_i/clk_wiz/inst/clk_out1                                                                | design_1_BUTTON_i/microblaze_riscv_0/U0/riscv_core_I/Base.Core/Decode_I/ex_Sel_CSR_i_reg[dcsr]_0[0]                                                                                  | design_1_BUTTON_i/microblaze_riscv_0/U0/riscv_core_I/sync_reset                                                                                |                1 |              3 |         3.00 |
|  design_1_BUTTON_i/clk_wiz/inst/clk_out1                                                                |                                                                                                                                                                                      | design_1_BUTTON_i/axi_smc/inst/switchboards/i_nodes/i_ar_node/inst/s_sc_xpm_cdc_async_rst_inst/reset_pol                                       |                1 |              3 |         3.00 |
|  design_1_BUTTON_i/clk_wiz/inst/clk_out1                                                                |                                                                                                                                                                                      | design_1_BUTTON_i/axi_smc/inst/switchboards/i_nodes/i_aw_node/inst/s_sc_xpm_cdc_async_rst_inst/reset_pol                                       |                1 |              3 |         3.00 |
|  design_1_BUTTON_i/clk_wiz/inst/clk_out1                                                                |                                                                                                                                                                                      | design_1_BUTTON_i/axi_smc/inst/m01_nodes/m01_aw_node/inst/s_sc_xpm_cdc_async_rst_inst/reset_pol                                                |                1 |              3 |         3.00 |
|  design_1_BUTTON_i/clk_wiz/inst/clk_out1                                                                |                                                                                                                                                                                      | design_1_BUTTON_i/axi_smc/inst/switchboards/i_nodes/i_w_node/inst/s_sc_xpm_cdc_async_rst_inst/reset_pol                                        |                1 |              3 |         3.00 |
|  design_1_BUTTON_i/clk_wiz/inst/clk_out1                                                                |                                                                                                                                                                                      | design_1_BUTTON_i/axi_smc/inst/switchboards/i_nodes/i_b_node/inst/s_sc_xpm_cdc_async_rst_inst/reset_pol                                        |                1 |              3 |         3.00 |
|  design_1_BUTTON_i/clk_wiz/inst/clk_out1                                                                |                                                                                                                                                                                      | design_1_BUTTON_i/axi_smc/inst/switchboards/i_nodes/i_r_node/inst/s_sc_xpm_cdc_async_rst_inst/reset_pol                                        |                1 |              3 |         3.00 |
|  design_1_BUTTON_i/clk_wiz/inst/clk_out1                                                                |                                                                                                                                                                                      | design_1_BUTTON_i/axi_smc/inst/s00_nodes/s00_r_node/inst/s_sc_xpm_cdc_async_rst_inst/reset_pol                                                 |                1 |              3 |         3.00 |
|  design_1_BUTTON_i/mdm_1/U0/MDM_Core_I1/JTAG_CONTROL_I/Test_Access_Port.BUFG_UPDATE/Using_FPGA.Native_0 | design_1_BUTTON_i/microblaze_riscv_0/U0/riscv_core_I/Base.Core/Use_Debug_Logic.Master_Core.Debug_Perf/p_96_in                                                                        | design_1_BUTTON_i/microblaze_riscv_0/U0/riscv_core_I/Base.Core/Use_Debug_Logic.Master_Core.Debug_Perf/do_new_dbg_instr                         |                1 |              3 |         3.00 |
|  design_1_BUTTON_i/clk_wiz/inst/clk_out1                                                                |                                                                                                                                                                                      | design_1_BUTTON_i/axi_smc/inst/m00_nodes/m00_w_node/inst/s_sc_xpm_cdc_async_rst_inst/reset_pol                                                 |                1 |              3 |         3.00 |
|  design_1_BUTTON_i/clk_wiz/inst/clk_out1                                                                |                                                                                                                                                                                      | design_1_BUTTON_i/axi_smc/inst/m00_exit_pipeline/m00_exit/inst/xpm_cdc_async_rst_inst/reset_pol                                                |                1 |              3 |         3.00 |
|  design_1_BUTTON_i/clk_wiz/inst/clk_out1                                                                |                                                                                                                                                                                      | design_1_BUTTON_i/axi_smc/inst/m01_nodes/m01_ar_node/inst/s_sc_xpm_cdc_async_rst_inst/reset_pol                                                |                1 |              3 |         3.00 |
|  design_1_BUTTON_i/clk_wiz/inst/clk_out1                                                                |                                                                                                                                                                                      | design_1_BUTTON_i/axi_smc/inst/m01_nodes/m01_r_node/inst/s_sc_xpm_cdc_async_rst_inst/reset_pol                                                 |                1 |              3 |         3.00 |
|  design_1_BUTTON_i/clk_wiz/inst/clk_out1                                                                |                                                                                                                                                                                      | design_1_BUTTON_i/axi_smc/inst/m01_nodes/m01_b_node/inst/s_sc_xpm_cdc_async_rst_inst/reset_pol                                                 |                1 |              3 |         3.00 |
|  design_1_BUTTON_i/clk_wiz/inst/clk_out1                                                                |                                                                                                                                                                                      | design_1_BUTTON_i/axi_smc/inst/m01_nodes/m01_w_node/inst/s_sc_xpm_cdc_async_rst_inst/reset_pol                                                 |                1 |              3 |         3.00 |
|  design_1_BUTTON_i/clk_wiz/inst/clk_out1                                                                |                                                                                                                                                                                      | design_1_BUTTON_i/axi_smc/inst/m01_exit_pipeline/m01_exit/inst/xpm_cdc_async_rst_inst/reset_pol                                                |                1 |              3 |         3.00 |
|  design_1_BUTTON_i/clk_wiz/inst/clk_out1                                                                |                                                                                                                                                                                      | design_1_BUTTON_i/axi_smc/inst/m00_nodes/m00_ar_node/inst/s_sc_xpm_cdc_async_rst_inst/reset_pol                                                |                1 |              3 |         3.00 |
|  design_1_BUTTON_i/clk_wiz/inst/clk_out1                                                                |                                                                                                                                                                                      | design_1_BUTTON_i/axi_smc/inst/m00_nodes/m00_aw_node/inst/s_sc_xpm_cdc_async_rst_inst/reset_pol                                                |                1 |              3 |         3.00 |
|  design_1_BUTTON_i/clk_wiz/inst/clk_out1                                                                |                                                                                                                                                                                      | design_1_BUTTON_i/axi_smc/inst/m00_nodes/m00_b_node/inst/s_sc_xpm_cdc_async_rst_inst/reset_pol                                                 |                1 |              3 |         3.00 |
|  design_1_BUTTON_i/clk_wiz/inst/clk_out1                                                                |                                                                                                                                                                                      | design_1_BUTTON_i/axi_smc/inst/m00_nodes/m00_r_node/inst/s_sc_xpm_cdc_async_rst_inst/reset_pol                                                 |                1 |              3 |         3.00 |
|  design_1_BUTTON_i/clk_wiz/inst/clk_out1                                                                |                                                                                                                                                                                      | design_1_BUTTON_i/axi_smc/inst/s00_entry_pipeline/s00_mmu/inst/xpm_cdc_async_rst_inst/reset_pol                                                |                1 |              3 |         3.00 |
|  design_1_BUTTON_i/clk_wiz/inst/clk_out1                                                                |                                                                                                                                                                                      | design_1_BUTTON_i/axi_smc/inst/s00_nodes/s00_b_node/inst/s_sc_xpm_cdc_async_rst_inst/reset_pol                                                 |                1 |              3 |         3.00 |
|  design_1_BUTTON_i/clk_wiz/inst/clk_out1                                                                |                                                                                                                                                                                      | design_1_BUTTON_i/axi_smc/inst/s00_nodes/s00_ar_node/inst/s_sc_xpm_cdc_async_rst_inst/reset_pol                                                |                1 |              3 |         3.00 |
|  design_1_BUTTON_i/clk_wiz/inst/clk_out1                                                                |                                                                                                                                                                                      | design_1_BUTTON_i/axi_smc/inst/s00_entry_pipeline/s00_transaction_regulator/inst/xpm_cdc_async_rst_inst/reset_pol                              |                1 |              3 |         3.00 |
|  design_1_BUTTON_i/clk_wiz/inst/clk_out1                                                                |                                                                                                                                                                                      | design_1_BUTTON_i/axi_smc/inst/s00_entry_pipeline/s00_si_converter/inst/xpm_cdc_async_rst_inst/reset_pol                                       |                1 |              3 |         3.00 |
|  design_1_BUTTON_i/clk_wiz/inst/clk_out1                                                                |                                                                                                                                                                                      | design_1_BUTTON_i/axi_smc/inst/s00_nodes/s00_aw_node/inst/s_sc_xpm_cdc_async_rst_inst/reset_pol                                                |                1 |              3 |         3.00 |
|  design_1_BUTTON_i/clk_wiz/inst/clk_out1                                                                |                                                                                                                                                                                      | design_1_BUTTON_i/axi_smc/inst/s00_nodes/s00_w_node/inst/s_sc_xpm_cdc_async_rst_inst/reset_pol                                                 |                1 |              3 |         3.00 |
|  design_1_BUTTON_i/clk_wiz/inst/clk_out1                                                                | design_1_BUTTON_i/axi_gpio_0/U0/AXI_LITE_IPIF_I/I_SLAVE_ATTACHMENT/I_DECODER/bus2ip_rnw_i_reg[0]                                                                                     | design_1_BUTTON_i/axi_gpio_0/U0/AXI_LITE_IPIF_I/I_SLAVE_ATTACHMENT/SR[0]                                                                       |                1 |              4 |         4.00 |
|  design_1_BUTTON_i/clk_wiz/inst/clk_out1                                                                | design_1_BUTTON_i/axi_uartlite_0/U0/AXI_LITE_IPIF_I/I_SLAVE_ATTACHMENT/start2                                                                                                        | design_1_BUTTON_i/axi_uartlite_0/U0/AXI_LITE_IPIF_I/I_SLAVE_ATTACHMENT/I_DECODER/cs_ce_clr                                                     |                1 |              4 |         4.00 |
|  design_1_BUTTON_i/clk_wiz/inst/clk_out1                                                                | design_1_BUTTON_i/axi_uartlite_0/U0/UARTLITE_CORE_I/BAUD_RATE_I/en_16x_Baud                                                                                                          |                                                                                                                                                |                1 |              4 |         4.00 |
|  design_1_BUTTON_i/clk_wiz/inst/clk_out1                                                                | design_1_BUTTON_i/axi_gpio_0/U0/AXI_LITE_IPIF_I/I_SLAVE_ATTACHMENT/start2                                                                                                            | design_1_BUTTON_i/axi_gpio_0/U0/AXI_LITE_IPIF_I/I_SLAVE_ATTACHMENT/I_DECODER/cs_ce_clr                                                         |                1 |              4 |         4.00 |
|  design_1_BUTTON_i/clk_wiz/inst/clk_out1                                                                | design_1_BUTTON_i/axi_gpio_0/U0/AXI_LITE_IPIF_I/I_SLAVE_ATTACHMENT/bus2ip_addr_i[8]_i_1_n_0                                                                                          | design_1_BUTTON_i/axi_gpio_0/U0/AXI_LITE_IPIF_I/I_SLAVE_ATTACHMENT/SR[0]                                                                       |                1 |              4 |         4.00 |
|  design_1_BUTTON_i/clk_wiz/inst/clk_out1                                                                |                                                                                                                                                                                      | design_1_BUTTON_i/axi_gpio_0/U0/AXI_LITE_IPIF_I/I_SLAVE_ATTACHMENT/clear                                                                       |                1 |              4 |         4.00 |
|  design_1_BUTTON_i/clk_wiz/inst/clk_out1                                                                |                                                                                                                                                                                      | design_1_BUTTON_i/axi_smc/inst/clk_map/psr_aclk/U0/EXT_LPF/lpf_int                                                                             |                1 |              4 |         4.00 |
|  design_1_BUTTON_i/clk_wiz/inst/clk_out1                                                                |                                                                                                                                                                                      | design_1_BUTTON_i/proc_sys_reset_0/U0/EXT_LPF/lpf_int                                                                                          |                2 |              5 |         2.50 |
|  design_1_BUTTON_i/mdm_1/U0/Use_JTAG_BSCAN.BUFG_JTAG_TCK/Use_JTAG_BSCAN.tck_int                         | design_1_BUTTON_i/mdm_1/U0/MDM_Core_I1/JTAG_CONTROL_I/Test_Access_Port.sel_dmi_i_1_n_0                                                                                               |                                                                                                                                                |                1 |              5 |         5.00 |
|  design_1_BUTTON_i/clk_wiz/inst/clk_out1                                                                | design_1_BUTTON_i/microblaze_riscv_0/U0/riscv_core_I/Base.Core/Decode_I/No_Short_Pipe_5.Using_FPGA.Gen_Bits[0].MEM_EX_Result_Inst/ex_Sel_CSR_i_reg[mcause][0]                        | design_1_BUTTON_i/microblaze_riscv_0/U0/riscv_core_I/sync_reset                                                                                |                1 |              5 |         5.00 |
|  design_1_BUTTON_i/clk_wiz/inst/clk_out1                                                                | design_1_BUTTON_i/axi_smc/inst/switchboards/i_nodes/i_aw_node/inst/inst_mi_handler/gen_normal_area.inst_fifo_node_payld/gen_reg_fifo.inst_reg_fifo/gen_single_rank.data[132]_i_1_n_0 |                                                                                                                                                |                1 |              5 |         5.00 |
|  design_1_BUTTON_i/mdm_1/U0/Use_JTAG_BSCAN.BUFG_JTAG_TCK/Use_JTAG_BSCAN.tck_int                         | design_1_BUTTON_i/mdm_1/U0/MDM_Core_I1/JTAG_CONTROL_I/Test_Access_Port.ir[4]_i_1_n_0                                                                                                 |                                                                                                                                                |                1 |              5 |         5.00 |
|  design_1_BUTTON_i/clk_wiz/inst/clk_out1                                                                | design_1_BUTTON_i/axi_smc/inst/s00_entry_pipeline/s00_mmu/inst/aw_reg_stall/skid_buffer[1136]_i_1__0_n_0                                                                             |                                                                                                                                                |                1 |              5 |         5.00 |
|  design_1_BUTTON_i/clk_wiz/inst/clk_out1                                                                | design_1_BUTTON_i/axi_smc/inst/s00_entry_pipeline/s00_mmu/inst/ar_reg_stall/skid_buffer[1136]_i_1_n_0                                                                                |                                                                                                                                                |                1 |              5 |         5.00 |
|  design_1_BUTTON_i/clk_wiz/inst/clk_out1                                                                | design_1_BUTTON_i/axi_smc/inst/s00_entry_pipeline/s00_mmu/inst/aw_reg_stall/m_vector_i                                                                                               |                                                                                                                                                |                1 |              5 |         5.00 |
|  design_1_BUTTON_i/mdm_1/U0/MDM_Core_I1/JTAG_CONTROL_I/Test_Access_Port.BUFG_UPDATE/Using_FPGA.Native_0 | design_1_BUTTON_i/microblaze_riscv_0/U0/riscv_core_I/Base.Core/Use_Debug_Logic.Master_Core.Debug_Perf/p_105_in                                                                       |                                                                                                                                                |                1 |              5 |         5.00 |
|  design_1_BUTTON_i/clk_wiz/inst/clk_out1                                                                | design_1_BUTTON_i/axi_smc/inst/s00_entry_pipeline/s00_mmu/inst/ar_reg_stall/m_vector_i                                                                                               |                                                                                                                                                |                1 |              5 |         5.00 |
|  design_1_BUTTON_i/clk_wiz/inst/clk_out1                                                                | design_1_BUTTON_i/axi_smc/inst/switchboards/i_nodes/i_ar_node/inst/inst_mi_handler/gen_normal_area.inst_fifo_node_payld/gen_reg_fifo.inst_reg_fifo/gen_single_rank.data[132]_i_1_n_0 |                                                                                                                                                |                2 |              5 |         2.50 |
|  design_1_BUTTON_i/clk_wiz/inst/clk_out1                                                                | design_1_BUTTON_i/axi_smc/inst/clk_map/psr_aclk/U0/SEQ/seq_cnt_en                                                                                                                    | design_1_BUTTON_i/axi_smc/inst/clk_map/psr_aclk/U0/SEQ/SEQ_COUNTER/clear                                                                       |                1 |              6 |         6.00 |
|  design_1_BUTTON_i/clk_wiz/inst/clk_out1                                                                | design_1_BUTTON_i/proc_sys_reset_0/U0/SEQ/seq_cnt_en                                                                                                                                 | design_1_BUTTON_i/proc_sys_reset_0/U0/SEQ/SEQ_COUNTER/clear                                                                                    |                1 |              6 |         6.00 |
|  design_1_BUTTON_i/clk_wiz/inst/clk_out1                                                                |                                                                                                                                                                                      | design_1_BUTTON_i/axi_uartlite_0/U0/UARTLITE_CORE_I/UARTLITE_TX_I/SRL_FIFO_I/I_SRL_FIFO_RBU_F/CNTR_INCR_DECR_ADDN_F_I/SS[0]                    |                2 |              6 |         3.00 |
|  design_1_BUTTON_i/clk_wiz/inst/clk_out1                                                                |                                                                                                                                                                                      | design_1_BUTTON_i/axi_uartlite_0/U0/UARTLITE_CORE_I/UARTLITE_RX_I/SRL_FIFO_I/I_SRL_FIFO_RBU_F/CNTR_INCR_DECR_ADDN_F_I/SS[0]                    |                2 |              6 |         3.00 |
|  design_1_BUTTON_i/clk_wiz/inst/clk_out1                                                                | design_1_BUTTON_i/axi_uartlite_0/U0/UARTLITE_CORE_I/BAUD_RATE_I/en_16x_Baud                                                                                                          | design_1_BUTTON_i/axi_uartlite_0/U0/UARTLITE_CORE_I/UARTLITE_RX_I/SERIAL_TO_PARALLEL[8].fifo_din[8]_i_1_n_0                                    |                1 |              7 |         7.00 |
|  design_1_BUTTON_i/clk_wiz/inst/clk_out1                                                                | design_1_BUTTON_i/axi_uartlite_0/U0/AXI_LITE_IPIF_I/I_SLAVE_ATTACHMENT/I_DECODER/fifo_wr                                                                                             |                                                                                                                                                |                1 |              8 |         8.00 |
|  design_1_BUTTON_i/mdm_1/U0/Use_E2.BSCAN_I/tck_BUFG                                                     | design_1_BUTTON_i/mdm_1/U0/Use_E2.BSCAN_I/Use_E2.BSCANE2_I_2[0]                                                                                                                      |                                                                                                                                                |                2 |              8 |         4.00 |
|  design_1_BUTTON_i/clk_wiz/inst/clk_out1                                                                | design_1_BUTTON_i/axi_uartlite_0/U0/UARTLITE_CORE_I/UARTLITE_RX_I/SRL_FIFO_I/I_SRL_FIFO_RBU_F/DYNSHREG_F_I/fifo_wr                                                                   |                                                                                                                                                |                1 |              8 |         8.00 |
|  design_1_BUTTON_i/mdm_1/U0/Use_E2.BSCAN_I/tck_BUFG                                                     | design_1_BUTTON_i/mdm_1/U0/Use_E2.BSCAN_I/E[0]                                                                                                                                       | design_1_BUTTON_i/mdm_1/U0/Use_E2.BSCAN_I/Use_JTAG_BSCAN.tms_ok                                                                                |                3 |              8 |         2.67 |
|  design_1_BUTTON_i/clk_wiz/inst/clk_out1                                                                |                                                                                                                                                                                      | design_1_BUTTON_i/axi_smc/inst/switchboards/i_nodes/i_b_node/inst/inst_si_handler/areset_r                                                     |                3 |              8 |         2.67 |
|  design_1_BUTTON_i/clk_wiz/inst/clk_out1                                                                |                                                                                                                                                                                      | design_1_BUTTON_i/axi_smc/inst/switchboards/i_nodes/i_r_node/inst/inst_si_handler/areset_r                                                     |                3 |              8 |         2.67 |
|  design_1_BUTTON_i/clk_wiz/inst/clk_out1                                                                | design_1_BUTTON_i/axi_uartlite_0/U0/AXI_LITE_IPIF_I/I_SLAVE_ATTACHMENT/s_axi_rresp_i                                                                                                 | design_1_BUTTON_i/axi_uartlite_0/U0/AXI_LITE_IPIF_I/I_SLAVE_ATTACHMENT/rst                                                                     |                3 |              9 |         3.00 |
|  design_1_BUTTON_i/mdm_1/U0/Use_E2.BSCAN_I/tck_BUFG                                                     |                                                                                                                                                                                      |                                                                                                                                                |                4 |             11 |         2.75 |
|  design_1_BUTTON_i/clk_wiz/inst/clk_out1                                                                |                                                                                                                                                                                      | design_1_BUTTON_i/axi_uartlite_0/U0/AXI_LITE_IPIF_I/I_SLAVE_ATTACHMENT/rst                                                                     |                4 |             11 |         2.75 |
|  design_1_BUTTON_i/mdm_1/U0/MDM_Core_I1/JTAG_CONTROL_I/Test_Access_Port.BUFG_DRCK/Using_FPGA.Native_0   | design_1_BUTTON_i/mdm_1/U0/MDM_Core_I1/JTAG_CONTROL_I/dmistat15_out                                                                                                                  |                                                                                                                                                |                5 |             15 |         3.00 |
|  design_1_BUTTON_i/clk_wiz/inst/clk_out1                                                                | design_1_BUTTON_i/microblaze_riscv_0/U0/riscv_core_I/Base.Core/Decode_I/jump_logic_I1/MB_MUXCY_EX_Jump2/Using_FPGA.Native_I2_2[0]                                                    | design_1_BUTTON_i/microblaze_riscv_0/U0/riscv_core_I/sync_reset                                                                                |                4 |             16 |         4.00 |
|  design_1_BUTTON_i/clk_wiz/inst/clk_out1                                                                | design_1_BUTTON_i/microblaze_riscv_0/U0/riscv_core_I/Base.Core/Use_Debug_Logic.Master_Core.Debug_Perf/E[0]                                                                           | design_1_BUTTON_i/microblaze_riscv_0/U0/riscv_core_I/sync_reset                                                                                |                4 |             17 |         4.25 |
|  design_1_BUTTON_i/clk_wiz/inst/clk_out1                                                                | design_1_BUTTON_i/microblaze_riscv_0/U0/riscv_core_I/Base.Core/Use_Debug_Logic.Master_Core.Debug_Perf/Using_FPGA.Native[0]                                                           | design_1_BUTTON_i/microblaze_riscv_0/U0/riscv_core_I/sync_reset                                                                                |                5 |             17 |         3.40 |
|  design_1_BUTTON_i/clk_wiz/inst/clk_out1                                                                | design_1_BUTTON_i/microblaze_riscv_0/U0/riscv_core_I/Base.Core/Decode_I/mem_wait_on_ready_N_carry_or/MUXCY_I/lopt_1                                                                  | design_1_BUTTON_i/microblaze_riscv_0/U0/riscv_core_I/sync_reset                                                                                |                8 |             17 |         2.12 |
|  design_1_BUTTON_i/mdm_1/U0/Use_JTAG_BSCAN.BUFG_JTAG_TCK/Use_JTAG_BSCAN.tck_int                         |                                                                                                                                                                                      |                                                                                                                                                |                4 |             17 |         4.25 |
|  design_1_BUTTON_i/clk_wiz/inst/clk_out1                                                                | design_1_BUTTON_i/axi_gpio_0/U0/AXI_LITE_IPIF_I/I_SLAVE_ATTACHMENT/s_axi_rresp_i                                                                                                     | design_1_BUTTON_i/axi_gpio_0/U0/AXI_LITE_IPIF_I/I_SLAVE_ATTACHMENT/SR[0]                                                                       |                3 |             17 |         5.67 |
|  design_1_BUTTON_i/clk_wiz/inst/clk_out1                                                                | design_1_BUTTON_i/axi_smc/inst/switchboards/i_nodes/i_w_node/inst/inst_mi_handler/gen_normal_area.inst_fifo_node_payld/gen_reg_fifo.inst_reg_fifo/gen_single_rank.data[54]_i_1_n_0   |                                                                                                                                                |                5 |             18 |         3.60 |
|  design_1_BUTTON_i/clk_wiz/inst/clk_out1                                                                |                                                                                                                                                                                      | design_1_BUTTON_i/axi_smc/inst/s00_entry_pipeline/s00_mmu/inst/areset                                                                          |               10 |             18 |         1.80 |
|  design_1_BUTTON_i/clk_wiz/inst/clk_out1                                                                | design_1_BUTTON_i/microblaze_riscv_0/U0/riscv_core_I/Base.Core/Decode_I/Use_MuxCy[11].OF_Piperun_Stage/MUXCY_I/lopt_4                                                                | design_1_BUTTON_i/microblaze_riscv_0/U0/riscv_core_I/Base.Core/Decode_I/PreFetch_Buffer_I/INSTR_BUFFER_I1/SR[0]                                |                8 |             20 |         2.50 |
|  design_1_BUTTON_i/mdm_1/U0/MDM_Core_I1/JTAG_CONTROL_I/Test_Access_Port.BUFG_UPDATE/Using_FPGA.Native_0 |                                                                                                                                                                                      |                                                                                                                                                |                7 |             20 |         2.86 |
|  design_1_BUTTON_i/clk_wiz/inst/clk_out1                                                                |                                                                                                                                                                                      | design_1_BUTTON_i/axi_gpio_0/U0/AXI_LITE_IPIF_I/I_SLAVE_ATTACHMENT/I_DECODER/bus2ip_rnw_i_reg_0                                                |                3 |             20 |         6.67 |
|  design_1_BUTTON_i/mdm_1/U0/Use_E2.BSCAN_I/tck_BUFG                                                     |                                                                                                                                                                                      | design_1_BUTTON_i/mdm_1/U0/Use_E2.BSCAN_I/Use_JTAG_BSCAN.id_flag_reg                                                                           |                4 |             21 |         5.25 |
|  design_1_BUTTON_i/clk_wiz/inst/clk_out1                                                                |                                                                                                                                                                                      | design_1_BUTTON_i/microblaze_riscv_0/U0/riscv_core_I/Base.Core/Decode_I/Use_MuxCy[13].OF_Piperun_Stage/MUXCY_I/ex_cmul_op_i                    |                6 |             25 |         4.17 |
|  design_1_BUTTON_i/clk_wiz/inst/clk_out1                                                                | design_1_BUTTON_i/axi_uartlite_0/U0/UARTLITE_CORE_I/BAUD_RATE_I/en_16x_Baud                                                                                                          | design_1_BUTTON_i/axi_uartlite_0/U0/UARTLITE_CORE_I/UARTLITE_RX_I/s_axi_aresetn_0                                                              |                4 |             28 |         7.00 |
|  design_1_BUTTON_i/clk_wiz/inst/clk_out1                                                                |                                                                                                                                                                                      | design_1_BUTTON_i/axi_uartlite_0/U0/UARTLITE_CORE_I/UARTLITE_RX_I/s_axi_aresetn_0                                                              |                8 |             30 |         3.75 |
|  design_1_BUTTON_i/clk_wiz/inst/clk_out1                                                                | design_1_BUTTON_i/microblaze_riscv_0/U0/riscv_core_I/Base.Core/Decode_I/ex_Sel_CSR_i_reg[mtvec]_0[0]                                                                                 | design_1_BUTTON_i/microblaze_riscv_0/U0/riscv_core_I/sync_reset                                                                                |                9 |             30 |         3.33 |
|  design_1_BUTTON_i/clk_wiz/inst/clk_out1                                                                | design_1_BUTTON_i/microblaze_riscv_0/U0/riscv_core_I/Base.Core/Decode_I/No_Short_Pipe_5.Using_FPGA.Gen_Bits[0].MEM_EX_Result_Inst/ex_Sel_CSR_i_reg[mepc][0]                          | design_1_BUTTON_i/microblaze_riscv_0/U0/riscv_core_I/sync_reset                                                                                |               14 |             30 |         2.14 |
|  design_1_BUTTON_i/clk_wiz/inst/clk_out1                                                                | design_1_BUTTON_i/axi_gpio_0/U0/AXI_LITE_IPIF_I/I_SLAVE_ATTACHMENT/I_DECODER/E[0]                                                                                                    | design_1_BUTTON_i/axi_gpio_0/U0/AXI_LITE_IPIF_I/I_SLAVE_ATTACHMENT/SR[0]                                                                       |                5 |             32 |         6.40 |
|  design_1_BUTTON_i/mdm_1/U0/MDM_Core_I1/JTAG_CONTROL_I/Test_Access_Port.BUFG_UPDATE/Using_FPGA.Native_0 | design_1_BUTTON_i/microblaze_riscv_0/U0/riscv_core_I/Base.Core/Use_Debug_Logic.Master_Core.Debug_Perf/data0_write_reg0                                                               |                                                                                                                                                |               10 |             32 |         3.20 |
|  design_1_BUTTON_i/clk_wiz/inst/clk_out1                                                                | design_1_BUTTON_i/axi_smc/inst/s00_entry_pipeline/s00_mmu/inst/gen_endpoint.decerr_slave_inst/s_axi_rvalid                                                                           | design_1_BUTTON_i/microblaze_riscv_0/U0/riscv_core_I/sync_reset                                                                                |                9 |             32 |         3.56 |
|  design_1_BUTTON_i/mdm_1/U0/MDM_Core_I1/JTAG_CONTROL_I/Test_Access_Port.BUFG_UPDATE/Using_FPGA.Native_0 | design_1_BUTTON_i/microblaze_riscv_0/U0/riscv_core_I/Base.Core/Use_Debug_Logic.Master_Core.Debug_Perf/progbuf0_reg0                                                                  |                                                                                                                                                |               10 |             32 |         3.20 |
|  design_1_BUTTON_i/clk_wiz/inst/clk_out1                                                                | design_1_BUTTON_i/microblaze_riscv_0/U0/riscv_core_I/Base.Core/Decode_I/No_Short_Pipe_5.Using_FPGA.Gen_Bits[0].MEM_EX_Result_Inst/ex_Sel_CSR_i_reg[mtval][0]                         | design_1_BUTTON_i/microblaze_riscv_0/U0/riscv_core_I/sync_reset                                                                                |               14 |             32 |         2.29 |
|  design_1_BUTTON_i/clk_wiz/inst/clk_out1                                                                | design_1_BUTTON_i/microblaze_riscv_0/U0/riscv_core_I/Base.Core/Decode_I/Use_MuxCy[11].OF_Piperun_Stage/MUXCY_I/lopt_7                                                                | design_1_BUTTON_i/microblaze_riscv_0/U0/riscv_core_I/sync_reset                                                                                |               12 |             32 |         2.67 |
|  design_1_BUTTON_i/clk_wiz/inst/clk_out1                                                                | design_1_BUTTON_i/microblaze_riscv_0/U0/riscv_core_I/Base.Core/Decode_I/Use_MuxCy[11].OF_Piperun_Stage/MUXCY_I/lopt_4                                                                |                                                                                                                                                |               15 |             32 |         2.13 |
|  design_1_BUTTON_i/clk_wiz/inst/clk_out1                                                                | design_1_BUTTON_i/microblaze_riscv_0/U0/riscv_core_I/Base.Core/Decode_I/mem_wait_on_ready_N_carry_or/MUXCY_I/lopt_1                                                                  | design_1_BUTTON_i/microblaze_riscv_0/U0/riscv_core_I/Base.Core/Data_Flow_Logic_I/WB_MEM_Result0                                                |                6 |             32 |         5.33 |
|  design_1_BUTTON_i/clk_wiz/inst/clk_out1                                                                | design_1_BUTTON_i/microblaze_riscv_0/U0/riscv_core_I/Base.Core/Use_Debug_Logic.Master_Core.Debug_Perf/register_read_cmd                                                              | design_1_BUTTON_i/microblaze_riscv_0/U0/riscv_core_I/sync_reset                                                                                |               16 |             32 |         2.00 |
|  design_1_BUTTON_i/clk_wiz/inst/clk_out1                                                                | design_1_BUTTON_i/microblaze_riscv_0/U0/riscv_core_I/Base.Core/Decode_I/ex_Sel_CSR_i_reg[tdata2]_0[0]                                                                                | design_1_BUTTON_i/microblaze_riscv_0/U0/riscv_core_I/sync_reset                                                                                |                9 |             32 |         3.56 |
|  design_1_BUTTON_i/clk_wiz/inst/clk_out1                                                                | design_1_BUTTON_i/microblaze_riscv_0/U0/riscv_core_I/Base.Core/Decode_I/ex_Sel_CSR_i_reg[mscratch]_0[0]                                                                              | design_1_BUTTON_i/microblaze_riscv_0/U0/riscv_core_I/sync_reset                                                                                |                9 |             32 |         3.56 |
|  design_1_BUTTON_i/clk_wiz/inst/clk_out1                                                                | design_1_BUTTON_i/microblaze_riscv_0/U0/riscv_core_I/Base.Core/Decode_I/ex_Sel_CSR_i_reg[minstret]_1[1]                                                                              | design_1_BUTTON_i/microblaze_riscv_0/U0/riscv_core_I/sync_reset                                                                                |               16 |             32 |         2.00 |
|  design_1_BUTTON_i/clk_wiz/inst/clk_out1                                                                | design_1_BUTTON_i/microblaze_riscv_0/U0/riscv_core_I/Base.Core/Decode_I/ex_Sel_CSR_i_reg[minstret]_1[0]                                                                              | design_1_BUTTON_i/microblaze_riscv_0/U0/riscv_core_I/sync_reset                                                                                |               13 |             32 |         2.46 |
|  design_1_BUTTON_i/clk_wiz/inst/clk_out1                                                                | design_1_BUTTON_i/microblaze_riscv_0/U0/riscv_core_I/Base.Core/Decode_I/ex_Sel_CSR_i_reg[mcycleh]_1[1]                                                                               | design_1_BUTTON_i/microblaze_riscv_0/U0/riscv_core_I/sync_reset                                                                                |               16 |             32 |         2.00 |
|  design_1_BUTTON_i/clk_wiz/inst/clk_out1                                                                | design_1_BUTTON_i/microblaze_riscv_0/U0/riscv_core_I/Base.Core/Decode_I/ex_Sel_CSR_i_reg[mcycleh]_1[0]                                                                               | design_1_BUTTON_i/microblaze_riscv_0/U0/riscv_core_I/sync_reset                                                                                |               12 |             32 |         2.67 |
|  design_1_BUTTON_i/clk_wiz/inst/clk_out1                                                                | design_1_BUTTON_i/microblaze_riscv_0/U0/riscv_core_I/Base.Core/Decode_I/ex_Sel_CSR_i_reg[dpc]_0[0]                                                                                   | design_1_BUTTON_i/microblaze_riscv_0/U0/riscv_core_I/sync_reset                                                                                |                9 |             32 |         3.56 |
|  design_1_BUTTON_i/clk_wiz/inst/clk_out1                                                                |                                                                                                                                                                                      | design_1_BUTTON_i/axi_gpio_0/U0/AXI_LITE_IPIF_I/I_SLAVE_ATTACHMENT/SR[0]                                                                       |                9 |             32 |         3.56 |
|  design_1_BUTTON_i/clk_wiz/inst/clk_out1                                                                | design_1_BUTTON_i/microblaze_riscv_0/U0/riscv_core_I/Base.Core/Decode_I/Use_MuxCy[3].OF_Piperun_Stage/MUXCY_I/lopt_4                                                                 |                                                                                                                                                |               13 |             32 |         2.46 |
|  design_1_BUTTON_i/clk_wiz/inst/clk_out1                                                                | design_1_BUTTON_i/axi_smc/inst/switchboards/i_nodes/i_r_node/inst/inst_si_handler/gen_si_handler.gen_arbiter_rr_minimal_area.inst_arbiter/s_sc_valid                                 |                                                                                                                                                |                6 |             33 |         5.50 |
|  design_1_BUTTON_i/mdm_1/U0/MDM_Core_I1/JTAG_CONTROL_I/Test_Access_Port.BUFG_DRCK/Using_FPGA.Native_0   | design_1_BUTTON_i/mdm_1/U0/MDM_Core_I1/JTAG_CONTROL_I/dmcontrol_read_2                                                                                                               |                                                                                                                                                |                7 |             35 |         5.00 |
|  design_1_BUTTON_i/mdm_1/U0/MDM_Core_I1/JTAG_CONTROL_I/Test_Access_Port.BUFG_DRCK/Using_FPGA.Native_0   | design_1_BUTTON_i/mdm_1/U0/MDM_Core_I1/JTAG_CONTROL_I/Test_Access_Port.capture_dtm_reg_0                                                                                             |                                                                                                                                                |               10 |             42 |         4.20 |
|  design_1_BUTTON_i/mdm_1/U0/MDM_Core_I1/JTAG_CONTROL_I/Test_Access_Port.BUFG_DRCK/Using_FPGA.Native_0   | design_1_BUTTON_i/mdm_1/U0/MDM_Core_I1/JTAG_CONTROL_I/Test_Access_Port.idcode_3                                                                                                      |                                                                                                                                                |                8 |             46 |         5.75 |
|  design_1_BUTTON_i/clk_wiz/inst/clk_out1                                                                | design_1_BUTTON_i/microblaze_riscv_0/U0/riscv_core_I/Base.Core/Use_Debug_Logic.Master_Core.Debug_Perf/s2b                                                                            |                                                                                                                                                |                6 |             48 |         8.00 |
|  design_1_BUTTON_i/mdm_1/U0/MDM_Core_I1/JTAG_CONTROL_I/Test_Access_Port.BUFG_DRCK/Using_FPGA.Native_0   |                                                                                                                                                                                      |                                                                                                                                                |               17 |             60 |         3.53 |
|  design_1_BUTTON_i/clk_wiz/inst/clk_out1                                                                | design_1_BUTTON_i/microblaze_riscv_0/U0/riscv_core_I/Base.Core/Decode_I/Use_MuxCy[3].OF_Piperun_Stage/MUXCY_I/lopt_4                                                                 | design_1_BUTTON_i/microblaze_riscv_0/U0/riscv_core_I/sync_reset                                                                                |               37 |            100 |         2.70 |
|  design_1_BUTTON_i/clk_wiz/inst/clk_out1                                                                | design_1_BUTTON_i/microblaze_riscv_0/U0/riscv_core_I/Base.Core/Decode_I/Serial_Dbg_Intf.register_write_cmd_reg                                                                       |                                                                                                                                                |               16 |            128 |         8.00 |
|  design_1_BUTTON_i/clk_wiz/inst/clk_out1                                                                |                                                                                                                                                                                      | design_1_BUTTON_i/microblaze_riscv_0/U0/riscv_core_I/sync_reset                                                                                |               45 |            134 |         2.98 |
|  design_1_BUTTON_i/clk_wiz/inst/clk_out1                                                                | design_1_BUTTON_i/microblaze_riscv_0/U0/riscv_core_I/Base.Core/Decode_I/Use_MuxCy[11].OF_Piperun_Stage/MUXCY_I/lopt_4                                                                | design_1_BUTTON_i/microblaze_riscv_0/U0/riscv_core_I/sync_reset                                                                                |               67 |            160 |         2.39 |
|  design_1_BUTTON_i/clk_wiz/inst/clk_out1                                                                |                                                                                                                                                                                      |                                                                                                                                                |               74 |            239 |         3.23 |
+---------------------------------------------------------------------------------------------------------+--------------------------------------------------------------------------------------------------------------------------------------------------------------------------------------+------------------------------------------------------------------------------------------------------------------------------------------------+------------------+----------------+--------------+


