
*** Running vivado
    with args -log design_1_BUTTON_ilmb_v10_0.vds -m64 -product Vivado -mode batch -messageDb vivado.pb -notrace -source design_1_BUTTON_ilmb_v10_0.tcl


****** Vivado v2024.2 (64-bit)
  **** SW Build 5239630 on Fri Nov 08 22:34:34 MST 2024
  **** IP Build 5239520 on Sun Nov 10 16:12:51 MST 2024
  **** SharedData Build 5239561 on Fri Nov 08 14:39:27 MST 2024
  **** Start of session at: Fri Apr  3 11:28:11 2026
    ** Copyright 1986-2022 Xilinx, Inc. All Rights Reserved.
    ** Copyright 2022-2024 Advanced Micro Devices, Inc. All Rights Reserved.

source design_1_BUTTON_ilmb_v10_0.tcl -notrace
INFO: [IP_Flow 19-6924] IPCACHE: Running cache check for IP inst: design_1_BUTTON_ilmb_v10_0
Command: synth_design -top design_1_BUTTON_ilmb_v10_0 -part xc7a35tcpg236-1 -incremental_mode off -mode out_of_context
Starting synth_design
Attempting to get a license for feature 'Synthesis' and/or device 'xc7a35t'
INFO: [Common 17-349] Got license for feature 'Synthesis' and/or device 'xc7a35t'
INFO: [Device 21-403] Loading part xc7a35tcpg236-1
INFO: [Synth 8-7079] Multithreading enabled for synth_design using a maximum of 7 processes.
INFO: [Synth 8-7078] Launching helper process for spawning children vivado processes
INFO: [Synth 8-7075] Helper process launched with PID 46445
---------------------------------------------------------------------------------
Starting RTL Elaboration : Time (s): cpu = 00:00:05 ; elapsed = 00:00:08 . Memory (MB): peak = 1847.379 ; gain = 397.859 ; free physical = 238 ; free virtual = 27787
---------------------------------------------------------------------------------
INFO: [Synth 8-638] synthesizing module 'design_1_BUTTON_ilmb_v10_0' [/home/appletea/workspace_onedevice_2/SoC/project_1_BUTTON/project_1_BUTTON.gen/sources_1/bd/design_1_BUTTON/ip/design_1_BUTTON_ilmb_v10_0/synth/design_1_BUTTON_ilmb_v10_0.vhd:89]
	Parameter C_LMB_NUM_SLAVES bound to: 1 - type: integer 
	Parameter C_LMB_DWIDTH bound to: 32 - type: integer 
	Parameter C_LMB_AWIDTH bound to: 32 - type: integer 
	Parameter C_LMB_PROTOCOL bound to: 0 - type: integer 
	Parameter C_EXT_RESET_HIGH bound to: 1 - type: integer 
INFO: [Synth 8-3491] module 'lmb_v10' declared at '/home/appletea/workspace_onedevice_2/SoC/project_1_BUTTON/project_1_BUTTON.gen/sources_1/bd/design_1_BUTTON/ipshared/7495/hdl/lmb_v10_v3_0_vh_rfs.vhd:91' bound to instance 'U0' of component 'lmb_v10' [/home/appletea/workspace_onedevice_2/SoC/project_1_BUTTON/project_1_BUTTON.gen/sources_1/bd/design_1_BUTTON/ip/design_1_BUTTON_ilmb_v10_0/synth/design_1_BUTTON_ilmb_v10_0.vhd:169]
INFO: [Synth 8-638] synthesizing module 'lmb_v10' [/home/appletea/workspace_onedevice_2/SoC/project_1_BUTTON/project_1_BUTTON.gen/sources_1/bd/design_1_BUTTON/ipshared/7495/hdl/lmb_v10_v3_0_vh_rfs.vhd:140]
INFO: [Synth 8-3491] module 'FDS' declared at '/opt/Xilinx/Vivado/2024.2/scripts/rt/data/unisim_comp.v:43311' bound to instance 'POR_FF_I' of component 'FDS' [/home/appletea/workspace_onedevice_2/SoC/project_1_BUTTON/project_1_BUTTON.gen/sources_1/bd/design_1_BUTTON/ipshared/7495/hdl/lmb_v10_v3_0_vh_rfs.vhd:170]
INFO: [Synth 8-6157] synthesizing module 'FDS' [/opt/Xilinx/Vivado/2024.2/scripts/rt/data/unisim_comp.v:43311]
INFO: [Synth 8-6155] done synthesizing module 'FDS' (0#1) [/opt/Xilinx/Vivado/2024.2/scripts/rt/data/unisim_comp.v:43311]
INFO: [Synth 8-256] done synthesizing module 'lmb_v10' (0#1) [/home/appletea/workspace_onedevice_2/SoC/project_1_BUTTON/project_1_BUTTON.gen/sources_1/bd/design_1_BUTTON/ipshared/7495/hdl/lmb_v10_v3_0_vh_rfs.vhd:140]
INFO: [Synth 8-256] done synthesizing module 'design_1_BUTTON_ilmb_v10_0' (0#1) [/home/appletea/workspace_onedevice_2/SoC/project_1_BUTTON/project_1_BUTTON.gen/sources_1/bd/design_1_BUTTON/ip/design_1_BUTTON_ilmb_v10_0/synth/design_1_BUTTON_ilmb_v10_0.vhd:89]
---------------------------------------------------------------------------------
Finished RTL Elaboration : Time (s): cpu = 00:00:07 ; elapsed = 00:00:10 . Memory (MB): peak = 1924.348 ; gain = 474.828 ; free physical = 194 ; free virtual = 26935
---------------------------------------------------------------------------------
---------------------------------------------------------------------------------
Start Handling Custom Attributes
---------------------------------------------------------------------------------
---------------------------------------------------------------------------------
Finished Handling Custom Attributes : Time (s): cpu = 00:00:07 ; elapsed = 00:00:10 . Memory (MB): peak = 1939.191 ; gain = 489.672 ; free physical = 189 ; free virtual = 26915
---------------------------------------------------------------------------------
---------------------------------------------------------------------------------
Finished RTL Optimization Phase 1 : Time (s): cpu = 00:00:07 ; elapsed = 00:00:10 . Memory (MB): peak = 1939.191 ; gain = 489.672 ; free physical = 189 ; free virtual = 26915
---------------------------------------------------------------------------------
Netlist sorting complete. Time (s): cpu = 00:00:00 ; elapsed = 00:00:00 . Memory (MB): peak = 1942.160 ; gain = 0.000 ; free physical = 148 ; free virtual = 26858
INFO: [Netlist 29-17] Analyzing 1 Unisim elements for replacement
INFO: [Netlist 29-28] Unisim Transformation completed in 0 CPU seconds
INFO: [Project 1-570] Preparing netlist for logic optimization

Processing XDC Constraints
Initializing timing engine
Parsing XDC File [/home/appletea/workspace_onedevice_2/SoC/project_1_BUTTON/project_1_BUTTON.gen/sources_1/bd/design_1_BUTTON/ip/design_1_BUTTON_ilmb_v10_0/design_1_BUTTON_ilmb_v10_0_ooc.xdc] for cell 'U0'
Finished Parsing XDC File [/home/appletea/workspace_onedevice_2/SoC/project_1_BUTTON/project_1_BUTTON.gen/sources_1/bd/design_1_BUTTON/ip/design_1_BUTTON_ilmb_v10_0/design_1_BUTTON_ilmb_v10_0_ooc.xdc] for cell 'U0'
Parsing XDC File [/home/appletea/workspace_onedevice_2/SoC/project_1_BUTTON/project_1_BUTTON.runs/design_1_BUTTON_ilmb_v10_0_synth_1/dont_touch.xdc]
Finished Parsing XDC File [/home/appletea/workspace_onedevice_2/SoC/project_1_BUTTON/project_1_BUTTON.runs/design_1_BUTTON_ilmb_v10_0_synth_1/dont_touch.xdc]
Completed Processing XDC Constraints

Netlist sorting complete. Time (s): cpu = 00:00:00 ; elapsed = 00:00:00 . Memory (MB): peak = 2012.129 ; gain = 0.000 ; free physical = 155 ; free virtual = 26411
INFO: [Project 1-111] Unisim Transformation Summary:
  A total of 1 instances were transformed.
  FDS => FDSE: 1 instance 

Constraint Validation Runtime : Time (s): cpu = 00:00:00.02 ; elapsed = 00:00:00.02 . Memory (MB): peak = 2012.129 ; gain = 0.000 ; free physical = 179 ; free virtual = 26400
INFO: [Designutils 20-5008] Incremental synthesis strategy off
---------------------------------------------------------------------------------
Finished Constraint Validation : Time (s): cpu = 00:00:15 ; elapsed = 00:00:18 . Memory (MB): peak = 2012.129 ; gain = 562.609 ; free physical = 280 ; free virtual = 25785
---------------------------------------------------------------------------------
---------------------------------------------------------------------------------
Start Loading Part and Timing Information
---------------------------------------------------------------------------------
Loading part: xc7a35tcpg236-1
---------------------------------------------------------------------------------
Finished Loading Part and Timing Information : Time (s): cpu = 00:00:15 ; elapsed = 00:00:18 . Memory (MB): peak = 2020.133 ; gain = 570.613 ; free physical = 279 ; free virtual = 25781
---------------------------------------------------------------------------------
---------------------------------------------------------------------------------
Start Applying 'set_property' XDC Constraints
---------------------------------------------------------------------------------
Applied set_property KEEP_HIERARCHY = SOFT for U0. (constraint file  /home/appletea/workspace_onedevice_2/SoC/project_1_BUTTON/project_1_BUTTON.runs/design_1_BUTTON_ilmb_v10_0_synth_1/dont_touch.xdc, line 9).
---------------------------------------------------------------------------------
Finished applying 'set_property' XDC Constraints : Time (s): cpu = 00:00:15 ; elapsed = 00:00:18 . Memory (MB): peak = 2020.133 ; gain = 570.613 ; free physical = 262 ; free virtual = 25762
---------------------------------------------------------------------------------
---------------------------------------------------------------------------------
Finished RTL Optimization Phase 2 : Time (s): cpu = 00:00:15 ; elapsed = 00:00:19 . Memory (MB): peak = 2020.133 ; gain = 570.613 ; free physical = 244 ; free virtual = 25735
---------------------------------------------------------------------------------
---------------------------------------------------------------------------------
Start RTL Component Statistics 
---------------------------------------------------------------------------------
Detailed RTL Component Info : 
---------------------------------------------------------------------------------
Finished RTL Component Statistics 
---------------------------------------------------------------------------------
---------------------------------------------------------------------------------
Start Part Resource Summary
---------------------------------------------------------------------------------
Part Resources:
DSPs: 90 (col length:60)
BRAMs: 100 (col length: RAMB18 60 RAMB36 30)
---------------------------------------------------------------------------------
Finished Part Resource Summary
---------------------------------------------------------------------------------
---------------------------------------------------------------------------------
Start Cross Boundary and Area Optimization
---------------------------------------------------------------------------------
WARNING: [Synth 8-7080] Parallel synthesis criteria is not met
---------------------------------------------------------------------------------
Finished Cross Boundary and Area Optimization : Time (s): cpu = 00:00:17 ; elapsed = 00:00:20 . Memory (MB): peak = 2020.133 ; gain = 570.613 ; free physical = 224 ; free virtual = 25593
---------------------------------------------------------------------------------
---------------------------------------------------------------------------------
Start Applying XDC Timing Constraints
---------------------------------------------------------------------------------
---------------------------------------------------------------------------------
Finished Applying XDC Timing Constraints : Time (s): cpu = 00:00:22 ; elapsed = 00:00:26 . Memory (MB): peak = 2088.133 ; gain = 638.613 ; free physical = 226 ; free virtual = 25346
---------------------------------------------------------------------------------
---------------------------------------------------------------------------------
Start Timing Optimization
---------------------------------------------------------------------------------
---------------------------------------------------------------------------------
Finished Timing Optimization : Time (s): cpu = 00:00:22 ; elapsed = 00:00:26 . Memory (MB): peak = 2088.133 ; gain = 638.613 ; free physical = 226 ; free virtual = 25347
---------------------------------------------------------------------------------
---------------------------------------------------------------------------------
Start Technology Mapping
---------------------------------------------------------------------------------
---------------------------------------------------------------------------------
Finished Technology Mapping : Time (s): cpu = 00:00:22 ; elapsed = 00:00:26 . Memory (MB): peak = 2097.148 ; gain = 647.629 ; free physical = 209 ; free virtual = 25331
---------------------------------------------------------------------------------
---------------------------------------------------------------------------------
Start IO Insertion
---------------------------------------------------------------------------------
---------------------------------------------------------------------------------
Start Flattening Before IO Insertion
---------------------------------------------------------------------------------
---------------------------------------------------------------------------------
Finished Flattening Before IO Insertion
---------------------------------------------------------------------------------
---------------------------------------------------------------------------------
Start Final Netlist Cleanup
---------------------------------------------------------------------------------
---------------------------------------------------------------------------------
Finished Final Netlist Cleanup
---------------------------------------------------------------------------------
---------------------------------------------------------------------------------
Finished IO Insertion : Time (s): cpu = 00:00:26 ; elapsed = 00:00:30 . Memory (MB): peak = 2258.961 ; gain = 809.441 ; free physical = 199 ; free virtual = 24101
---------------------------------------------------------------------------------
---------------------------------------------------------------------------------
Start Renaming Generated Instances
---------------------------------------------------------------------------------
---------------------------------------------------------------------------------
Finished Renaming Generated Instances : Time (s): cpu = 00:00:26 ; elapsed = 00:00:30 . Memory (MB): peak = 2258.961 ; gain = 809.441 ; free physical = 200 ; free virtual = 24102
---------------------------------------------------------------------------------
---------------------------------------------------------------------------------
Start Rebuilding User Hierarchy
---------------------------------------------------------------------------------
---------------------------------------------------------------------------------
Finished Rebuilding User Hierarchy : Time (s): cpu = 00:00:26 ; elapsed = 00:00:30 . Memory (MB): peak = 2258.961 ; gain = 809.441 ; free physical = 200 ; free virtual = 24102
---------------------------------------------------------------------------------
---------------------------------------------------------------------------------
Start Renaming Generated Ports
---------------------------------------------------------------------------------
---------------------------------------------------------------------------------
Finished Renaming Generated Ports : Time (s): cpu = 00:00:26 ; elapsed = 00:00:30 . Memory (MB): peak = 2258.961 ; gain = 809.441 ; free physical = 200 ; free virtual = 24102
---------------------------------------------------------------------------------
---------------------------------------------------------------------------------
Start Handling Custom Attributes
---------------------------------------------------------------------------------
---------------------------------------------------------------------------------
Finished Handling Custom Attributes : Time (s): cpu = 00:00:26 ; elapsed = 00:00:30 . Memory (MB): peak = 2258.961 ; gain = 809.441 ; free physical = 200 ; free virtual = 24102
---------------------------------------------------------------------------------
---------------------------------------------------------------------------------
Start Renaming Generated Nets
---------------------------------------------------------------------------------
---------------------------------------------------------------------------------
Finished Renaming Generated Nets : Time (s): cpu = 00:00:26 ; elapsed = 00:00:30 . Memory (MB): peak = 2258.961 ; gain = 809.441 ; free physical = 200 ; free virtual = 24102
---------------------------------------------------------------------------------
---------------------------------------------------------------------------------
Start Writing Synthesis Report
---------------------------------------------------------------------------------

Report BlackBoxes: 
+-+--------------+----------+
| |BlackBox name |Instances |
+-+--------------+----------+
+-+--------------+----------+

Report Cell Usage: 
+------+-----+------+
|      |Cell |Count |
+------+-----+------+
|1     |FDS  |     1|
+------+-----+------+
---------------------------------------------------------------------------------
Finished Writing Synthesis Report : Time (s): cpu = 00:00:26 ; elapsed = 00:00:30 . Memory (MB): peak = 2258.961 ; gain = 809.441 ; free physical = 199 ; free virtual = 24101
---------------------------------------------------------------------------------
Synthesis finished with 0 errors, 0 critical warnings and 1 warnings.
Synthesis Optimization Runtime : Time (s): cpu = 00:00:24 ; elapsed = 00:00:28 . Memory (MB): peak = 2258.961 ; gain = 736.504 ; free physical = 258 ; free virtual = 24082
Synthesis Optimization Complete : Time (s): cpu = 00:00:26 ; elapsed = 00:00:30 . Memory (MB): peak = 2258.969 ; gain = 809.441 ; free physical = 259 ; free virtual = 24083
INFO: [Project 1-571] Translating synthesized netlist
Netlist sorting complete. Time (s): cpu = 00:00:00 ; elapsed = 00:00:00 . Memory (MB): peak = 2258.969 ; gain = 0.000 ; free physical = 261 ; free virtual = 24085
INFO: [Netlist 29-17] Analyzing 1 Unisim elements for replacement
INFO: [Netlist 29-28] Unisim Transformation completed in 0 CPU seconds
INFO: [Project 1-570] Preparing netlist for logic optimization
INFO: [Opt 31-138] Pushed 0 inverter(s) to 0 load pin(s).
Netlist sorting complete. Time (s): cpu = 00:00:00 ; elapsed = 00:00:00 . Memory (MB): peak = 2258.969 ; gain = 0.000 ; free physical = 412 ; free virtual = 24260
INFO: [Project 1-111] Unisim Transformation Summary:
  A total of 1 instances were transformed.
  FDS => FDSE: 1 instance 

Synth Design complete | Checksum: 6daaaf8d
INFO: [Common 17-83] Releasing license: Synthesis
26 Infos, 1 Warnings, 0 Critical Warnings and 0 Errors encountered.
synth_design completed successfully
synth_design: Time (s): cpu = 00:00:33 ; elapsed = 00:00:34 . Memory (MB): peak = 2258.969 ; gain = 817.453 ; free physical = 388 ; free virtual = 24245
INFO: [Common 17-2834] synth_design peak Physical Memory [PSS] (MB): overall = 1309.896; main = 1124.854; forked = 191.446
INFO: [Common 17-2834] synth_design peak Virtual Memory [VSS] (MB): overall = 3201.355; main = 2258.965; forked = 942.406
INFO: [Common 17-1381] The checkpoint '/home/appletea/workspace_onedevice_2/SoC/project_1_BUTTON/project_1_BUTTON.runs/design_1_BUTTON_ilmb_v10_0_synth_1/design_1_BUTTON_ilmb_v10_0.dcp' has been generated.
INFO: [Coretcl 2-1648] Added synthesis output to IP cache for IP design_1_BUTTON_ilmb_v10_0, cache-ID = 84ccb783a79ef44b
INFO: [Common 17-1381] The checkpoint '/home/appletea/workspace_onedevice_2/SoC/project_1_BUTTON/project_1_BUTTON.runs/design_1_BUTTON_ilmb_v10_0_synth_1/design_1_BUTTON_ilmb_v10_0.dcp' has been generated.
INFO: [Vivado 12-24828] Executing command : report_utilization -file design_1_BUTTON_ilmb_v10_0_utilization_synth.rpt -pb design_1_BUTTON_ilmb_v10_0_utilization_synth.pb
INFO: [Common 17-206] Exiting Vivado at Fri Apr  3 11:28:51 2026...
