
*** Running vivado
    with args -log design_1_LED_clk_wiz_1_0.vds -m64 -product Vivado -mode batch -messageDb vivado.pb -notrace -source design_1_LED_clk_wiz_1_0.tcl


****** Vivado v2024.2 (64-bit)
  **** SW Build 5239630 on Fri Nov 08 22:34:34 MST 2024
  **** IP Build 5239520 on Sun Nov 10 16:12:51 MST 2024
  **** SharedData Build 5239561 on Fri Nov 08 14:39:27 MST 2024
  **** Start of session at: Fri Apr  3 02:11:48 2026
    ** Copyright 1986-2022 Xilinx, Inc. All Rights Reserved.
    ** Copyright 2022-2024 Advanced Micro Devices, Inc. All Rights Reserved.

source design_1_LED_clk_wiz_1_0.tcl -notrace
INFO: [IP_Flow 19-6924] IPCACHE: Running cache check for IP inst: design_1_LED_clk_wiz_1_0
Command: synth_design -top design_1_LED_clk_wiz_1_0 -part xc7a35tcpg236-1 -incremental_mode off -mode out_of_context
Starting synth_design
Attempting to get a license for feature 'Synthesis' and/or device 'xc7a35t'
INFO: [Common 17-349] Got license for feature 'Synthesis' and/or device 'xc7a35t'
INFO: [Device 21-403] Loading part xc7a35tcpg236-1
INFO: [Synth 8-7079] Multithreading enabled for synth_design using a maximum of 7 processes.
INFO: [Synth 8-7078] Launching helper process for spawning children vivado processes
INFO: [Synth 8-7075] Helper process launched with PID 62671
---------------------------------------------------------------------------------
Starting RTL Elaboration : Time (s): cpu = 00:00:02 ; elapsed = 00:00:03 . Memory (MB): peak = 1848.371 ; gain = 398.859 ; free physical = 12042 ; free virtual = 21710
---------------------------------------------------------------------------------
INFO: [Synth 8-6157] synthesizing module 'design_1_LED_clk_wiz_1_0' [/home/appletea/workspace_onedevice_2/SoC/project_1_LED/project_1_LED.gen/sources_1/bd/design_1_LED/ip/design_1_LED_clk_wiz_1_0/design_1_LED_clk_wiz_1_0.v:65]
INFO: [Synth 8-6157] synthesizing module 'design_1_LED_clk_wiz_1_0_clk_wiz' [/home/appletea/workspace_onedevice_2/SoC/project_1_LED/project_1_LED.gen/sources_1/bd/design_1_LED/ip/design_1_LED_clk_wiz_1_0/design_1_LED_clk_wiz_1_0_clk_wiz.v:65]
INFO: [Synth 8-6157] synthesizing module 'IBUF' [/opt/Xilinx/Vivado/2024.2/scripts/rt/data/unisim_comp.v:75825]
INFO: [Synth 8-6155] done synthesizing module 'IBUF' (0#1) [/opt/Xilinx/Vivado/2024.2/scripts/rt/data/unisim_comp.v:75825]
INFO: [Synth 8-6157] synthesizing module 'MMCME2_ADV' [/opt/Xilinx/Vivado/2024.2/scripts/rt/data/unisim_comp.v:84588]
	Parameter BANDWIDTH bound to: OPTIMIZED - type: string 
	Parameter CLKFBOUT_MULT_F bound to: 10.000000 - type: double 
	Parameter CLKFBOUT_PHASE bound to: 0.000000 - type: double 
	Parameter CLKFBOUT_USE_FINE_PS bound to: FALSE - type: string 
	Parameter CLKIN1_PERIOD bound to: 10.000000 - type: double 
	Parameter CLKOUT0_DIVIDE_F bound to: 10.000000 - type: double 
	Parameter CLKOUT0_DUTY_CYCLE bound to: 0.500000 - type: double 
	Parameter CLKOUT0_PHASE bound to: 0.000000 - type: double 
	Parameter CLKOUT0_USE_FINE_PS bound to: FALSE - type: string 
	Parameter CLKOUT4_CASCADE bound to: FALSE - type: string 
	Parameter COMPENSATION bound to: ZHOLD - type: string 
	Parameter DIVCLK_DIVIDE bound to: 1 - type: integer 
	Parameter STARTUP_WAIT bound to: FALSE - type: string 
INFO: [Synth 8-6155] done synthesizing module 'MMCME2_ADV' (0#1) [/opt/Xilinx/Vivado/2024.2/scripts/rt/data/unisim_comp.v:84588]
INFO: [Synth 8-6157] synthesizing module 'BUFG' [/opt/Xilinx/Vivado/2024.2/scripts/rt/data/unisim_comp.v:2676]
INFO: [Synth 8-6155] done synthesizing module 'BUFG' (0#1) [/opt/Xilinx/Vivado/2024.2/scripts/rt/data/unisim_comp.v:2676]
INFO: [Synth 8-6155] done synthesizing module 'design_1_LED_clk_wiz_1_0_clk_wiz' (0#1) [/home/appletea/workspace_onedevice_2/SoC/project_1_LED/project_1_LED.gen/sources_1/bd/design_1_LED/ip/design_1_LED_clk_wiz_1_0/design_1_LED_clk_wiz_1_0_clk_wiz.v:65]
INFO: [Synth 8-6155] done synthesizing module 'design_1_LED_clk_wiz_1_0' (0#1) [/home/appletea/workspace_onedevice_2/SoC/project_1_LED/project_1_LED.gen/sources_1/bd/design_1_LED/ip/design_1_LED_clk_wiz_1_0/design_1_LED_clk_wiz_1_0.v:65]
---------------------------------------------------------------------------------
Finished RTL Elaboration : Time (s): cpu = 00:00:03 ; elapsed = 00:00:03 . Memory (MB): peak = 1925.309 ; gain = 475.797 ; free physical = 11984 ; free virtual = 21655
---------------------------------------------------------------------------------
---------------------------------------------------------------------------------
Start Handling Custom Attributes
---------------------------------------------------------------------------------
---------------------------------------------------------------------------------
Finished Handling Custom Attributes : Time (s): cpu = 00:00:03 ; elapsed = 00:00:03 . Memory (MB): peak = 1940.152 ; gain = 490.641 ; free physical = 11982 ; free virtual = 21654
---------------------------------------------------------------------------------
---------------------------------------------------------------------------------
Finished RTL Optimization Phase 1 : Time (s): cpu = 00:00:03 ; elapsed = 00:00:03 . Memory (MB): peak = 1940.152 ; gain = 490.641 ; free physical = 11982 ; free virtual = 21654
---------------------------------------------------------------------------------
Netlist sorting complete. Time (s): cpu = 00:00:00 ; elapsed = 00:00:00 . Memory (MB): peak = 1946.090 ; gain = 0.000 ; free physical = 11968 ; free virtual = 21640
INFO: [Netlist 29-17] Analyzing 1 Unisim elements for replacement
INFO: [Netlist 29-28] Unisim Transformation completed in 0 CPU seconds
INFO: [Project 1-570] Preparing netlist for logic optimization

Processing XDC Constraints
Initializing timing engine
Parsing XDC File [/home/appletea/workspace_onedevice_2/SoC/project_1_LED/project_1_LED.gen/sources_1/bd/design_1_LED/ip/design_1_LED_clk_wiz_1_0/design_1_LED_clk_wiz_1_0_ooc.xdc] for cell 'inst'
Finished Parsing XDC File [/home/appletea/workspace_onedevice_2/SoC/project_1_LED/project_1_LED.gen/sources_1/bd/design_1_LED/ip/design_1_LED_clk_wiz_1_0/design_1_LED_clk_wiz_1_0_ooc.xdc] for cell 'inst'
Parsing XDC File [/home/appletea/workspace_onedevice_2/SoC/project_1_LED/project_1_LED.gen/sources_1/bd/design_1_LED/ip/design_1_LED_clk_wiz_1_0/design_1_LED_clk_wiz_1_0_board.xdc] for cell 'inst'
Finished Parsing XDC File [/home/appletea/workspace_onedevice_2/SoC/project_1_LED/project_1_LED.gen/sources_1/bd/design_1_LED/ip/design_1_LED_clk_wiz_1_0/design_1_LED_clk_wiz_1_0_board.xdc] for cell 'inst'
Parsing XDC File [/home/appletea/workspace_onedevice_2/SoC/project_1_LED/project_1_LED.gen/sources_1/bd/design_1_LED/ip/design_1_LED_clk_wiz_1_0/design_1_LED_clk_wiz_1_0.xdc] for cell 'inst'
Finished Parsing XDC File [/home/appletea/workspace_onedevice_2/SoC/project_1_LED/project_1_LED.gen/sources_1/bd/design_1_LED/ip/design_1_LED_clk_wiz_1_0/design_1_LED_clk_wiz_1_0.xdc] for cell 'inst'
INFO: [Project 1-236] Implementation specific constraints were found while reading constraint file [/home/appletea/workspace_onedevice_2/SoC/project_1_LED/project_1_LED.gen/sources_1/bd/design_1_LED/ip/design_1_LED_clk_wiz_1_0/design_1_LED_clk_wiz_1_0.xdc]. These constraints will be ignored for synthesis but will be used in implementation. Impacted constraints are listed in the file [.Xil/design_1_LED_clk_wiz_1_0_propImpl.xdc].
Resolution: To avoid this warning, move constraints listed in [.Xil/design_1_LED_clk_wiz_1_0_propImpl.xdc] to another XDC file and exclude this new file from synthesis with the used_in_synthesis property (File Properties dialog in GUI) and re-run elaboration/synthesis.
INFO: [Timing 38-2] Deriving generated clocks
Parsing XDC File [/home/appletea/workspace_onedevice_2/SoC/project_1_LED/project_1_LED.runs/design_1_LED_clk_wiz_1_0_synth_1/dont_touch.xdc]
Finished Parsing XDC File [/home/appletea/workspace_onedevice_2/SoC/project_1_LED/project_1_LED.runs/design_1_LED_clk_wiz_1_0_synth_1/dont_touch.xdc]
Completed Processing XDC Constraints

Netlist sorting complete. Time (s): cpu = 00:00:00 ; elapsed = 00:00:00 . Memory (MB): peak = 2013.090 ; gain = 0.000 ; free physical = 11914 ; free virtual = 21586
INFO: [Project 1-111] Unisim Transformation Summary:
No Unisim elements were transformed.

Constraint Validation Runtime : Time (s): cpu = 00:00:00 ; elapsed = 00:00:00.01 . Memory (MB): peak = 2013.090 ; gain = 0.000 ; free physical = 11914 ; free virtual = 21586
INFO: [Designutils 20-5008] Incremental synthesis strategy off
---------------------------------------------------------------------------------
Finished Constraint Validation : Time (s): cpu = 00:00:07 ; elapsed = 00:00:07 . Memory (MB): peak = 2013.090 ; gain = 563.578 ; free physical = 11804 ; free virtual = 21478
---------------------------------------------------------------------------------
---------------------------------------------------------------------------------
Start Loading Part and Timing Information
---------------------------------------------------------------------------------
Loading part: xc7a35tcpg236-1
---------------------------------------------------------------------------------
Finished Loading Part and Timing Information : Time (s): cpu = 00:00:07 ; elapsed = 00:00:07 . Memory (MB): peak = 2021.094 ; gain = 571.582 ; free physical = 11804 ; free virtual = 21478
---------------------------------------------------------------------------------
---------------------------------------------------------------------------------
Start Applying 'set_property' XDC Constraints
---------------------------------------------------------------------------------
Applied set_property keep_hierarchy = soft for inst. (constraint file  /home/appletea/workspace_onedevice_2/SoC/project_1_LED/project_1_LED.gen/sources_1/bd/design_1_LED/ip/design_1_LED_clk_wiz_1_0/design_1_LED_clk_wiz_1_0.xdc, line 53).
Applied set_property KEEP_HIERARCHY = SOFT for inst. (constraint file  /home/appletea/workspace_onedevice_2/SoC/project_1_LED/project_1_LED.runs/design_1_LED_clk_wiz_1_0_synth_1/dont_touch.xdc, line 9).
Applied set_property KEEP = true for clk_in1. (constraint file  auto generated constraint).
Applied set_property KEEP = true for reset. (constraint file  auto generated constraint).
---------------------------------------------------------------------------------
Finished applying 'set_property' XDC Constraints : Time (s): cpu = 00:00:07 ; elapsed = 00:00:07 . Memory (MB): peak = 2021.094 ; gain = 571.582 ; free physical = 11804 ; free virtual = 21477
---------------------------------------------------------------------------------
---------------------------------------------------------------------------------
Finished RTL Optimization Phase 2 : Time (s): cpu = 00:00:07 ; elapsed = 00:00:07 . Memory (MB): peak = 2021.094 ; gain = 571.582 ; free physical = 11802 ; free virtual = 21475
---------------------------------------------------------------------------------
---------------------------------------------------------------------------------
Start RTL Component Statistics 
---------------------------------------------------------------------------------
Detailed RTL Component Info : 
---------------------------------------------------------------------------------
Finished RTL Component Statistics 
---------------------------------------------------------------------------------
---------------------------------------------------------------------------------
Start Part Resource Summary
---------------------------------------------------------------------------------
Part Resources:
DSPs: 90 (col length:60)
BRAMs: 100 (col length: RAMB18 60 RAMB36 30)
---------------------------------------------------------------------------------
Finished Part Resource Summary
---------------------------------------------------------------------------------
---------------------------------------------------------------------------------
Start Cross Boundary and Area Optimization
---------------------------------------------------------------------------------
WARNING: [Synth 8-7080] Parallel synthesis criteria is not met
---------------------------------------------------------------------------------
Finished Cross Boundary and Area Optimization : Time (s): cpu = 00:00:08 ; elapsed = 00:00:08 . Memory (MB): peak = 2021.094 ; gain = 571.582 ; free physical = 11801 ; free virtual = 21477
---------------------------------------------------------------------------------
---------------------------------------------------------------------------------
Start Applying XDC Timing Constraints
---------------------------------------------------------------------------------
---------------------------------------------------------------------------------
Finished Applying XDC Timing Constraints : Time (s): cpu = 00:00:11 ; elapsed = 00:00:11 . Memory (MB): peak = 2091.094 ; gain = 641.582 ; free physical = 11651 ; free virtual = 21327
---------------------------------------------------------------------------------
---------------------------------------------------------------------------------
Start Timing Optimization
---------------------------------------------------------------------------------
---------------------------------------------------------------------------------
Finished Timing Optimization : Time (s): cpu = 00:00:11 ; elapsed = 00:00:11 . Memory (MB): peak = 2091.094 ; gain = 641.582 ; free physical = 11651 ; free virtual = 21327
---------------------------------------------------------------------------------
---------------------------------------------------------------------------------
Start Technology Mapping
---------------------------------------------------------------------------------
---------------------------------------------------------------------------------
Finished Technology Mapping : Time (s): cpu = 00:00:11 ; elapsed = 00:00:11 . Memory (MB): peak = 2100.109 ; gain = 650.598 ; free physical = 11643 ; free virtual = 21319
---------------------------------------------------------------------------------
---------------------------------------------------------------------------------
Start IO Insertion
---------------------------------------------------------------------------------
---------------------------------------------------------------------------------
Start Flattening Before IO Insertion
---------------------------------------------------------------------------------
---------------------------------------------------------------------------------
Finished Flattening Before IO Insertion
---------------------------------------------------------------------------------
---------------------------------------------------------------------------------
Start Final Netlist Cleanup
---------------------------------------------------------------------------------
---------------------------------------------------------------------------------
Finished Final Netlist Cleanup
---------------------------------------------------------------------------------
---------------------------------------------------------------------------------
Finished IO Insertion : Time (s): cpu = 00:00:12 ; elapsed = 00:00:13 . Memory (MB): peak = 2261.922 ; gain = 812.410 ; free physical = 11477 ; free virtual = 21152
---------------------------------------------------------------------------------
---------------------------------------------------------------------------------
Start Renaming Generated Instances
---------------------------------------------------------------------------------
---------------------------------------------------------------------------------
Finished Renaming Generated Instances : Time (s): cpu = 00:00:12 ; elapsed = 00:00:13 . Memory (MB): peak = 2261.922 ; gain = 812.410 ; free physical = 11477 ; free virtual = 21152
---------------------------------------------------------------------------------
---------------------------------------------------------------------------------
Start Rebuilding User Hierarchy
---------------------------------------------------------------------------------
---------------------------------------------------------------------------------
Finished Rebuilding User Hierarchy : Time (s): cpu = 00:00:12 ; elapsed = 00:00:13 . Memory (MB): peak = 2261.922 ; gain = 812.410 ; free physical = 11477 ; free virtual = 21152
---------------------------------------------------------------------------------
---------------------------------------------------------------------------------
Start Renaming Generated Ports
---------------------------------------------------------------------------------
---------------------------------------------------------------------------------
Finished Renaming Generated Ports : Time (s): cpu = 00:00:12 ; elapsed = 00:00:13 . Memory (MB): peak = 2261.922 ; gain = 812.410 ; free physical = 11477 ; free virtual = 21152
---------------------------------------------------------------------------------
---------------------------------------------------------------------------------
Start Handling Custom Attributes
---------------------------------------------------------------------------------
---------------------------------------------------------------------------------
Finished Handling Custom Attributes : Time (s): cpu = 00:00:12 ; elapsed = 00:00:13 . Memory (MB): peak = 2261.922 ; gain = 812.410 ; free physical = 11477 ; free virtual = 21152
---------------------------------------------------------------------------------
---------------------------------------------------------------------------------
Start Renaming Generated Nets
---------------------------------------------------------------------------------
---------------------------------------------------------------------------------
Finished Renaming Generated Nets : Time (s): cpu = 00:00:12 ; elapsed = 00:00:13 . Memory (MB): peak = 2261.922 ; gain = 812.410 ; free physical = 11477 ; free virtual = 21152
---------------------------------------------------------------------------------
---------------------------------------------------------------------------------
Start Writing Synthesis Report
---------------------------------------------------------------------------------

Report BlackBoxes: 
+-+--------------+----------+
| |BlackBox name |Instances |
+-+--------------+----------+
+-+--------------+----------+

Report Cell Usage: 
+------+-----------+------+
|      |Cell       |Count |
+------+-----------+------+
|1     |BUFG       |     2|
|2     |MMCME2_ADV |     1|
|3     |IBUF       |     1|
+------+-----------+------+
---------------------------------------------------------------------------------
Finished Writing Synthesis Report : Time (s): cpu = 00:00:12 ; elapsed = 00:00:13 . Memory (MB): peak = 2261.922 ; gain = 812.410 ; free physical = 11477 ; free virtual = 21152
---------------------------------------------------------------------------------
Synthesis finished with 0 errors, 0 critical warnings and 1 warnings.
Synthesis Optimization Runtime : Time (s): cpu = 00:00:11 ; elapsed = 00:00:12 . Memory (MB): peak = 2261.922 ; gain = 739.473 ; free physical = 11477 ; free virtual = 21152
Synthesis Optimization Complete : Time (s): cpu = 00:00:12 ; elapsed = 00:00:13 . Memory (MB): peak = 2261.930 ; gain = 812.410 ; free physical = 11477 ; free virtual = 21152
INFO: [Project 1-571] Translating synthesized netlist
Netlist sorting complete. Time (s): cpu = 00:00:00 ; elapsed = 00:00:00 . Memory (MB): peak = 2261.930 ; gain = 0.000 ; free physical = 11477 ; free virtual = 21152
INFO: [Netlist 29-17] Analyzing 1 Unisim elements for replacement
INFO: [Netlist 29-28] Unisim Transformation completed in 0 CPU seconds
INFO: [Project 1-570] Preparing netlist for logic optimization
INFO: [Opt 31-138] Pushed 0 inverter(s) to 0 load pin(s).
Netlist sorting complete. Time (s): cpu = 00:00:00 ; elapsed = 00:00:00 . Memory (MB): peak = 2261.930 ; gain = 0.000 ; free physical = 11632 ; free virtual = 21308
INFO: [Project 1-111] Unisim Transformation Summary:
No Unisim elements were transformed.

Synth Design complete | Checksum: f93a9685
INFO: [Common 17-83] Releasing license: Synthesis
30 Infos, 1 Warnings, 0 Critical Warnings and 0 Errors encountered.
synth_design completed successfully
synth_design: Time (s): cpu = 00:00:16 ; elapsed = 00:00:15 . Memory (MB): peak = 2261.930 ; gain = 820.422 ; free physical = 11632 ; free virtual = 21308
INFO: [Common 17-2834] synth_design peak Physical Memory [PSS] (MB): overall = 1339.148; main = 1339.148; forked = 226.106
INFO: [Common 17-2834] synth_design peak Virtual Memory [VSS] (MB): overall = 2963.504; main = 2261.926; forked = 942.406
Write ShapeDB Complete: Time (s): cpu = 00:00:00 ; elapsed = 00:00:00 . Memory (MB): peak = 2285.934 ; gain = 0.000 ; free physical = 11632 ; free virtual = 21308
INFO: [Common 17-1381] The checkpoint '/home/appletea/workspace_onedevice_2/SoC/project_1_LED/project_1_LED.runs/design_1_LED_clk_wiz_1_0_synth_1/design_1_LED_clk_wiz_1_0.dcp' has been generated.
INFO: [Coretcl 2-1648] Added synthesis output to IP cache for IP design_1_LED_clk_wiz_1_0, cache-ID = 19c510c62193f298
Write ShapeDB Complete: Time (s): cpu = 00:00:00 ; elapsed = 00:00:00 . Memory (MB): peak = 2341.961 ; gain = 0.000 ; free physical = 11632 ; free virtual = 21307
INFO: [Common 17-1381] The checkpoint '/home/appletea/workspace_onedevice_2/SoC/project_1_LED/project_1_LED.runs/design_1_LED_clk_wiz_1_0_synth_1/design_1_LED_clk_wiz_1_0.dcp' has been generated.
INFO: [Vivado 12-24828] Executing command : report_utilization -file design_1_LED_clk_wiz_1_0_utilization_synth.rpt -pb design_1_LED_clk_wiz_1_0_utilization_synth.pb
INFO: [Common 17-206] Exiting Vivado at Fri Apr  3 02:12:05 2026...
